#
# There is insufficient memory for the Java Runtime Environment to continue.
# Native memory allocation (malloc) failed to allocate 2153728 bytes. Error detail: Chunk::new
# Possible reasons:
#   The system is out of physical RAM or swap space
#   This process is running with CompressedOops enabled, and the Java Heap may be blocking the growth of the native heap
# Possible solutions:
#   Reduce memory load on the system
#   Increase physical memory or swap space
#   Check if swap backing store is full
#   Decrease Java heap size (-Xmx/-Xms)
#   Decrease number of Java threads
#   Decrease Java thread stack sizes (-Xss)
#   Set larger code cache with -XX:ReservedCodeCacheSize=
#   JVM is running with Zero Based Compressed Oops mode in which the Java heap is
#     placed in the first 32GB address space. The Java Heap base address is the
#     maximum limit for the native heap growth. Please use -XX:HeapBaseMinAddress
#     to set the Java Heap base and to place the Java Heap above 32GB virtual address.
# This output file may be truncated or incomplete.
#
#  Out of Memory Error (arena.cpp:149), pid=9204, tid=8304
#
# JRE version: OpenJDK Runtime Environment (23.0.2+7) (build 23.0.2+7-58)
# Java VM: OpenJDK 64-Bit Server VM (23.0.2+7-58, mixed mode, sharing, tiered, compressed oops, compressed class ptrs, g1 gc, windows-amd64)
# No core dump will be written. Minidumps are not enabled by default on client versions of Windows
#

---------------  S U M M A R Y ------------

Command Line: -javaagent:C:\Program Files\JetBrains\IntelliJ IDEA Community Edition 2024.3\lib\idea_rt.jar=57663:C:\Program Files\JetBrains\IntelliJ IDEA Community Edition 2024.3\bin -Dfile.encoding=UTF-8 -Dsun.stdout.encoding=UTF-8 -Dsun.stderr.encoding=UTF-8 com.Attendance.BackEnd_Attendance.BackEndAttendanceApplication

Host: Intel(R) Core(TM) i5-10300H CPU @ 2.50GHz, 8 cores, 15G,  Windows 11 , 64 bit Build 26100 (10.0.26100.4202)
Time: Sun Jun 15 22:34:55 2025 India Standard Time elapsed time: 2.849635 seconds (0d 0h 0m 2s)

---------------  T H R E A D  ---------------

Current thread (0x00000199e945e7f0):  JavaThread "C2 CompilerThread0" daemon [_thread_in_native, id=8304, stack(0x0000009861900000,0x0000009861a00000) (1024K)]


Current CompileTask:
C2:2849 2816       4       java.lang.invoke.MethodType::makeImpl (109 bytes)

Stack: [0x0000009861900000,0x0000009861a00000]
Native frames: (J=compiled Java code, j=interpreted, Vv=VM code, C=native code)
V  [jvm.dll+0x6e0b99]  (no source info available)
V  [jvm.dll+0x87e2b3]  (no source info available)
V  [jvm.dll+0x88073e]  (no source info available)
V  [jvm.dll+0x880e13]  (no source info available)
V  [jvm.dll+0x27b006]  (no source info available)
V  [jvm.dll+0xbc06f]  (no source info available)
V  [jvm.dll+0xbc2cb]  (no source info available)
V  [jvm.dll+0x3b3c5c]  (no source info available)
V  [jvm.dll+0x38a55b]  (no source info available)
V  [jvm.dll+0x3899ca]  (no source info available)
V  [jvm.dll+0x244ba1]  (no source info available)
V  [jvm.dll+0x243eff]  (no source info available)
V  [jvm.dll+0x1c34b0]  (no source info available)
V  [jvm.dll+0x253df1]  (no source info available)
V  [jvm.dll+0x2520aa]  (no source info available)
V  [jvm.dll+0x3ee226]  (no source info available)
V  [jvm.dll+0x8254cb]  (no source info available)
V  [jvm.dll+0x6df345]  (no source info available)
C  [ucrtbase.dll+0x37b0]  (no source info available)
C  [KERNEL32.DLL+0x2e8d7]  (no source info available)
C  [ntdll.dll+0x3c34c]  (no source info available)

Lock stack of current Java thread (top to bottom):


---------------  P R O C E S S  ---------------

Threads class SMR info:
_java_thread_list=0x00000199c6591d60, length=14, elements={
0x00000199c817eaf0, 0x00000199e944d6d0, 0x00000199e94504c0, 0x00000199e9457290,
0x00000199e9457f50, 0x00000199e945a3e0, 0x00000199e945beb0, 0x00000199e945e7f0,
0x00000199c50167c0, 0x00000199c51019c0, 0x00000199c52520f0, 0x00000199c541b260,
0x00000199c53c5970, 0x00000199c64d88c0
}

Java Threads: ( => current thread )
  0x00000199c817eaf0 JavaThread "main"                              [_thread_in_vm, id=10192, stack(0x0000009860b00000,0x0000009860c00000) (1024K)]
  0x00000199e944d6d0 JavaThread "Reference Handler"          daemon [_thread_blocked, id=18108, stack(0x0000009861300000,0x0000009861400000) (1024K)]
  0x00000199e94504c0 JavaThread "Finalizer"                  daemon [_thread_blocked, id=4596, stack(0x0000009861400000,0x0000009861500000) (1024K)]
  0x00000199e9457290 JavaThread "Signal Dispatcher"          daemon [_thread_blocked, id=5348, stack(0x0000009861500000,0x0000009861600000) (1024K)]
  0x00000199e9457f50 JavaThread "Attach Listener"            daemon [_thread_blocked, id=3804, stack(0x0000009861600000,0x0000009861700000) (1024K)]
  0x00000199e945a3e0 JavaThread "Service Thread"             daemon [_thread_blocked, id=6120, stack(0x0000009861700000,0x0000009861800000) (1024K)]
  0x00000199e945beb0 JavaThread "Monitor Deflation Thread"   daemon [_thread_blocked, id=16988, stack(0x0000009861800000,0x0000009861900000) (1024K)]
=>0x00000199e945e7f0 JavaThread "C2 CompilerThread0"         daemon [_thread_in_native, id=8304, stack(0x0000009861900000,0x0000009861a00000) (1024K)]
  0x00000199c50167c0 JavaThread "C1 CompilerThread0"         daemon [_thread_blocked, id=12196, stack(0x0000009861a00000,0x0000009861b00000) (1024K)]
  0x00000199c51019c0 JavaThread "Common-Cleaner"             daemon [_thread_blocked, id=8652, stack(0x0000009861b00000,0x0000009861c00000) (1024K)]
  0x00000199c52520f0 JavaThread "C2 CompilerThread1"         daemon [_thread_in_native, id=15916, stack(0x0000009861c00000,0x0000009861d00000) (1024K)]
  0x00000199c541b260 JavaThread "Monitor Ctrl-Break"         daemon [_thread_in_native, id=11280, stack(0x0000009861d00000,0x0000009861e00000) (1024K)]
  0x00000199c53c5970 JavaThread "Notification Thread"        daemon [_thread_blocked, id=17832, stack(0x0000009861e00000,0x0000009861f00000) (1024K)]
  0x00000199c64d88c0 JavaThread "C2 CompilerThread2"         daemon [_thread_in_native, id=3488, stack(0x0000009862700000,0x0000009862800000) (1024K)]
Total: 14

Other Threads:
  0x00000199e9431c40 VMThread "VM Thread"                           [id=13460, stack(0x0000009861200000,0x0000009861300000) (1024K)]
  0x00000199e941ef80 WatcherThread "VM Periodic Task Thread"        [id=6244, stack(0x0000009861100000,0x0000009861200000) (1024K)]
  0x00000199ca44d2e0 WorkerThread "GC Thread#0"                     [id=4704, stack(0x0000009860c00000,0x0000009860d00000) (1024K)]
  0x00000199c5ddd9c0 WorkerThread "GC Thread#1"                     [id=9088, stack(0x0000009861f00000,0x0000009862000000) (1024K)]
  0x00000199c5dde180 WorkerThread "GC Thread#2"                     [id=16656, stack(0x0000009862000000,0x0000009862100000) (1024K)]
  0x00000199c5dded40 WorkerThread "GC Thread#3"                     [id=15864, stack(0x0000009862100000,0x0000009862200000) (1024K)]
  0x00000199c5ddf0f0 WorkerThread "GC Thread#4"                     [id=10324, stack(0x0000009862200000,0x0000009862300000) (1024K)]
  0x00000199c5ddf8b0 WorkerThread "GC Thread#5"                     [id=14472, stack(0x0000009862300000,0x0000009862400000) (1024K)]
  0x00000199c5e0cd60 WorkerThread "GC Thread#6"                     [id=1104, stack(0x0000009862400000,0x0000009862500000) (1024K)]
  0x00000199c6201a40 WorkerThread "GC Thread#7"                     [id=18052, stack(0x0000009862600000,0x0000009862700000) (1024K)]
  0x00000199ca464340 ConcurrentGCThread "G1 Main Marker"            [id=2264, stack(0x0000009860d00000,0x0000009860e00000) (1024K)]
  0x00000199ca466600 WorkerThread "G1 Conc#0"                       [id=14664, stack(0x0000009860e00000,0x0000009860f00000) (1024K)]
  0x00000199e92eb460 ConcurrentGCThread "G1 Refine#0"               [id=11344, stack(0x0000009860f00000,0x0000009861000000) (1024K)]
  0x00000199e92ebef0 ConcurrentGCThread "G1 Service"                [id=2992, stack(0x0000009861000000,0x0000009861100000) (1024K)]
Total: 14

Threads with active compile tasks:
C2 CompilerThread0  2929 2816       4       java.lang.invoke.MethodType::makeImpl (109 bytes)
C1 CompilerThread0  2929 3194       3       org.springframework.beans.factory.support.AbstractAutowireCapableBeanFactory::determineTargetType (83 bytes)
C2 CompilerThread1  2929 3164       4       org.springframework.core.annotation.MergedAnnotationsCollection$AnnotationsSpliterator::tryAdvance (116 bytes)
C2 CompilerThread2  2929 3177       4       java.util.jar.JarFile::getVersionedEntry (133 bytes)
Total: 4

VM state: not at safepoint (normal execution)

VM Mutex/Monitor currently owned by a thread: None

Heap address: 0x0000000702800000, size: 4056 MB, Compressed Oops mode: Zero based, Oop shift amount: 3

CDS archive(s) mapped at: [0x0000019980000000-0x0000019980d70000-0x0000019980d70000), size 14090240, SharedBaseAddress: 0x0000019980000000, ArchiveRelocationMode: 1.
Compressed class space mapped at: 0x0000019981000000-0x00000199c1000000, reserved size: 1073741824
Narrow klass base: 0x0000019980000000, Narrow klass shift: 0, Narrow klass range: 0x41000000

GC Precious Log:
 CardTable entry size: 512
 Card Set container configuration: InlinePtr #cards 4 size 8 Array Of Cards #cards 16 size 48 Howl #buckets 8 coarsen threshold 3686 Howl Bitmap #cards 512 size 80 coarsen threshold 460 Card regions per heap region 1 cards per card region 4096
 CPUs: 8 total, 8 available
 Memory: 16221M
 Large Page Support: Disabled
 NUMA Support: Disabled
 Compressed Oops: Enabled (Zero based)
 Heap Region Size: 2M
 Heap Min Capacity: 8M
 Heap Initial Capacity: 254M
 Heap Max Capacity: 4056M
 Pre-touch: Disabled
 Parallel Workers: 8
 Concurrent Workers: 2
 Concurrent Refinement Workers: 8
 Periodic GC: Disabled

Heap:
 garbage-first heap   total reserved 4153344K, committed 260096K, used 49743K [0x0000000702800000, 0x0000000800000000)
  region size 2048K, 23 young (47104K), 1 survivors (2048K)
 Metaspace       used 21009K, committed 21376K, reserved 1114112K
  class space    used 2582K, committed 2752K, reserved 1048576K

Heap Regions: E=young(eden), S=young(survivor), O=old, HS=humongous(starts), HC=humongous(continues), CS=collection set, F=free, TAMS=top-at-mark-start, PB=parsable bottom
|   0|0x0000000702800000, 0x0000000702a00000, 0x0000000702a00000|100%| O|  |TAMS 0x0000000702800000| PB 0x0000000702800000| Untracked |  0
|   1|0x0000000702a00000, 0x0000000702c00000, 0x0000000702c00000|100%| O|  |TAMS 0x0000000702a00000| PB 0x0000000702a00000| Untracked |  0
|   2|0x0000000702c00000, 0x0000000702e00000, 0x0000000702e00000|100%| O|  |TAMS 0x0000000702c00000| PB 0x0000000702c00000| Untracked |  0
|   3|0x0000000702e00000, 0x0000000702ecfc68, 0x0000000703000000| 40%| O|  |TAMS 0x0000000702e00000| PB 0x0000000702e00000| Untracked |  0
|   4|0x0000000703000000, 0x0000000703000000, 0x0000000703200000|  0%| F|  |TAMS 0x0000000703000000| PB 0x0000000703000000| Untracked |  0
|   5|0x0000000703200000, 0x0000000703200000, 0x0000000703400000|  0%| F|  |TAMS 0x0000000703200000| PB 0x0000000703200000| Untracked |  0
|   6|0x0000000703400000, 0x0000000703400000, 0x0000000703600000|  0%| F|  |TAMS 0x0000000703400000| PB 0x0000000703400000| Untracked |  0
|   7|0x0000000703600000, 0x0000000703600000, 0x0000000703800000|  0%| F|  |TAMS 0x0000000703600000| PB 0x0000000703600000| Untracked |  0
|   8|0x0000000703800000, 0x0000000703800000, 0x0000000703a00000|  0%| F|  |TAMS 0x0000000703800000| PB 0x0000000703800000| Untracked |  0
|   9|0x0000000703a00000, 0x0000000703a00000, 0x0000000703c00000|  0%| F|  |TAMS 0x0000000703a00000| PB 0x0000000703a00000| Untracked |  0
|  10|0x0000000703c00000, 0x0000000703c00000, 0x0000000703e00000|  0%| F|  |TAMS 0x0000000703c00000| PB 0x0000000703c00000| Untracked |  0
|  11|0x0000000703e00000, 0x0000000703e00000, 0x0000000704000000|  0%| F|  |TAMS 0x0000000703e00000| PB 0x0000000703e00000| Untracked |  0
|  12|0x0000000704000000, 0x0000000704000000, 0x0000000704200000|  0%| F|  |TAMS 0x0000000704000000| PB 0x0000000704000000| Untracked |  0
|  13|0x0000000704200000, 0x0000000704200000, 0x0000000704400000|  0%| F|  |TAMS 0x0000000704200000| PB 0x0000000704200000| Untracked |  0
|  14|0x0000000704400000, 0x0000000704400000, 0x0000000704600000|  0%| F|  |TAMS 0x0000000704400000| PB 0x0000000704400000| Untracked |  0
|  15|0x0000000704600000, 0x0000000704600000, 0x0000000704800000|  0%| F|  |TAMS 0x0000000704600000| PB 0x0000000704600000| Untracked |  0
|  16|0x0000000704800000, 0x0000000704800000, 0x0000000704a00000|  0%| F|  |TAMS 0x0000000704800000| PB 0x0000000704800000| Untracked |  0
|  17|0x0000000704a00000, 0x0000000704a00000, 0x0000000704c00000|  0%| F|  |TAMS 0x0000000704a00000| PB 0x0000000704a00000| Untracked |  0
|  18|0x0000000704c00000, 0x0000000704c00000, 0x0000000704e00000|  0%| F|  |TAMS 0x0000000704c00000| PB 0x0000000704c00000| Untracked |  0
|  19|0x0000000704e00000, 0x0000000704e00000, 0x0000000705000000|  0%| F|  |TAMS 0x0000000704e00000| PB 0x0000000704e00000| Untracked |  0
|  20|0x0000000705000000, 0x0000000705000000, 0x0000000705200000|  0%| F|  |TAMS 0x0000000705000000| PB 0x0000000705000000| Untracked |  0
|  21|0x0000000705200000, 0x0000000705200000, 0x0000000705400000|  0%| F|  |TAMS 0x0000000705200000| PB 0x0000000705200000| Untracked |  0
|  22|0x0000000705400000, 0x0000000705400000, 0x0000000705600000|  0%| F|  |TAMS 0x0000000705400000| PB 0x0000000705400000| Untracked |  0
|  23|0x0000000705600000, 0x0000000705600000, 0x0000000705800000|  0%| F|  |TAMS 0x0000000705600000| PB 0x0000000705600000| Untracked |  0
|  24|0x0000000705800000, 0x0000000705800000, 0x0000000705a00000|  0%| F|  |TAMS 0x0000000705800000| PB 0x0000000705800000| Untracked |  0
|  25|0x0000000705a00000, 0x0000000705a00000, 0x0000000705c00000|  0%| F|  |TAMS 0x0000000705a00000| PB 0x0000000705a00000| Untracked |  0
|  26|0x0000000705c00000, 0x0000000705c00000, 0x0000000705e00000|  0%| F|  |TAMS 0x0000000705c00000| PB 0x0000000705c00000| Untracked |  0
|  27|0x0000000705e00000, 0x0000000705e00000, 0x0000000706000000|  0%| F|  |TAMS 0x0000000705e00000| PB 0x0000000705e00000| Untracked |  0
|  28|0x0000000706000000, 0x0000000706000000, 0x0000000706200000|  0%| F|  |TAMS 0x0000000706000000| PB 0x0000000706000000| Untracked |  0
|  29|0x0000000706200000, 0x0000000706200000, 0x0000000706400000|  0%| F|  |TAMS 0x0000000706200000| PB 0x0000000706200000| Untracked |  0
|  30|0x0000000706400000, 0x0000000706400000, 0x0000000706600000|  0%| F|  |TAMS 0x0000000706400000| PB 0x0000000706400000| Untracked |  0
|  31|0x0000000706600000, 0x0000000706600000, 0x0000000706800000|  0%| F|  |TAMS 0x0000000706600000| PB 0x0000000706600000| Untracked |  0
|  32|0x0000000706800000, 0x0000000706800000, 0x0000000706a00000|  0%| F|  |TAMS 0x0000000706800000| PB 0x0000000706800000| Untracked |  0
|  33|0x0000000706a00000, 0x0000000706a00000, 0x0000000706c00000|  0%| F|  |TAMS 0x0000000706a00000| PB 0x0000000706a00000| Untracked |  0
|  34|0x0000000706c00000, 0x0000000706c00000, 0x0000000706e00000|  0%| F|  |TAMS 0x0000000706c00000| PB 0x0000000706c00000| Untracked |  0
|  35|0x0000000706e00000, 0x0000000706e00000, 0x0000000707000000|  0%| F|  |TAMS 0x0000000706e00000| PB 0x0000000706e00000| Untracked |  0
|  36|0x0000000707000000, 0x0000000707000000, 0x0000000707200000|  0%| F|  |TAMS 0x0000000707000000| PB 0x0000000707000000| Untracked |  0
|  37|0x0000000707200000, 0x0000000707200000, 0x0000000707400000|  0%| F|  |TAMS 0x0000000707200000| PB 0x0000000707200000| Untracked |  0
|  38|0x0000000707400000, 0x0000000707400000, 0x0000000707600000|  0%| F|  |TAMS 0x0000000707400000| PB 0x0000000707400000| Untracked |  0
|  39|0x0000000707600000, 0x0000000707600000, 0x0000000707800000|  0%| F|  |TAMS 0x0000000707600000| PB 0x0000000707600000| Untracked |  0
|  40|0x0000000707800000, 0x0000000707800000, 0x0000000707a00000|  0%| F|  |TAMS 0x0000000707800000| PB 0x0000000707800000| Untracked |  0
|  41|0x0000000707a00000, 0x0000000707a00000, 0x0000000707c00000|  0%| F|  |TAMS 0x0000000707a00000| PB 0x0000000707a00000| Untracked |  0
|  42|0x0000000707c00000, 0x0000000707c00000, 0x0000000707e00000|  0%| F|  |TAMS 0x0000000707c00000| PB 0x0000000707c00000| Untracked |  0
|  43|0x0000000707e00000, 0x0000000707e00000, 0x0000000708000000|  0%| F|  |TAMS 0x0000000707e00000| PB 0x0000000707e00000| Untracked |  0
|  44|0x0000000708000000, 0x0000000708000000, 0x0000000708200000|  0%| F|  |TAMS 0x0000000708000000| PB 0x0000000708000000| Untracked |  0
|  45|0x0000000708200000, 0x0000000708200000, 0x0000000708400000|  0%| F|  |TAMS 0x0000000708200000| PB 0x0000000708200000| Untracked |  0
|  46|0x0000000708400000, 0x0000000708400000, 0x0000000708600000|  0%| F|  |TAMS 0x0000000708400000| PB 0x0000000708400000| Untracked |  0
|  47|0x0000000708600000, 0x0000000708600000, 0x0000000708800000|  0%| F|  |TAMS 0x0000000708600000| PB 0x0000000708600000| Untracked |  0
|  48|0x0000000708800000, 0x0000000708800000, 0x0000000708a00000|  0%| F|  |TAMS 0x0000000708800000| PB 0x0000000708800000| Untracked |  0
|  49|0x0000000708a00000, 0x0000000708a00000, 0x0000000708c00000|  0%| F|  |TAMS 0x0000000708a00000| PB 0x0000000708a00000| Untracked |  0
|  50|0x0000000708c00000, 0x0000000708c00000, 0x0000000708e00000|  0%| F|  |TAMS 0x0000000708c00000| PB 0x0000000708c00000| Untracked |  0
|  51|0x0000000708e00000, 0x0000000708e00000, 0x0000000709000000|  0%| F|  |TAMS 0x0000000708e00000| PB 0x0000000708e00000| Untracked |  0
|  52|0x0000000709000000, 0x0000000709000000, 0x0000000709200000|  0%| F|  |TAMS 0x0000000709000000| PB 0x0000000709000000| Untracked |  0
|  53|0x0000000709200000, 0x0000000709200000, 0x0000000709400000|  0%| F|  |TAMS 0x0000000709200000| PB 0x0000000709200000| Untracked |  0
|  54|0x0000000709400000, 0x0000000709400000, 0x0000000709600000|  0%| F|  |TAMS 0x0000000709400000| PB 0x0000000709400000| Untracked |  0
|  55|0x0000000709600000, 0x0000000709600000, 0x0000000709800000|  0%| F|  |TAMS 0x0000000709600000| PB 0x0000000709600000| Untracked |  0
|  56|0x0000000709800000, 0x0000000709800000, 0x0000000709a00000|  0%| F|  |TAMS 0x0000000709800000| PB 0x0000000709800000| Untracked |  0
|  57|0x0000000709a00000, 0x0000000709a00000, 0x0000000709c00000|  0%| F|  |TAMS 0x0000000709a00000| PB 0x0000000709a00000| Untracked |  0
|  58|0x0000000709c00000, 0x0000000709c00000, 0x0000000709e00000|  0%| F|  |TAMS 0x0000000709c00000| PB 0x0000000709c00000| Untracked |  0
|  59|0x0000000709e00000, 0x0000000709e00000, 0x000000070a000000|  0%| F|  |TAMS 0x0000000709e00000| PB 0x0000000709e00000| Untracked |  0
|  60|0x000000070a000000, 0x000000070a000000, 0x000000070a200000|  0%| F|  |TAMS 0x000000070a000000| PB 0x000000070a000000| Untracked |  0
|  61|0x000000070a200000, 0x000000070a200000, 0x000000070a400000|  0%| F|  |TAMS 0x000000070a200000| PB 0x000000070a200000| Untracked |  0
|  62|0x000000070a400000, 0x000000070a400000, 0x000000070a600000|  0%| F|  |TAMS 0x000000070a400000| PB 0x000000070a400000| Untracked |  0
|  63|0x000000070a600000, 0x000000070a600000, 0x000000070a800000|  0%| F|  |TAMS 0x000000070a600000| PB 0x000000070a600000| Untracked |  0
|  64|0x000000070a800000, 0x000000070a800000, 0x000000070aa00000|  0%| F|  |TAMS 0x000000070a800000| PB 0x000000070a800000| Untracked |  0
|  65|0x000000070aa00000, 0x000000070aa00000, 0x000000070ac00000|  0%| F|  |TAMS 0x000000070aa00000| PB 0x000000070aa00000| Untracked |  0
|  66|0x000000070ac00000, 0x000000070ac00000, 0x000000070ae00000|  0%| F|  |TAMS 0x000000070ac00000| PB 0x000000070ac00000| Untracked |  0
|  67|0x000000070ae00000, 0x000000070ae00000, 0x000000070b000000|  0%| F|  |TAMS 0x000000070ae00000| PB 0x000000070ae00000| Untracked |  0
|  68|0x000000070b000000, 0x000000070b000000, 0x000000070b200000|  0%| F|  |TAMS 0x000000070b000000| PB 0x000000070b000000| Untracked |  0
|  69|0x000000070b200000, 0x000000070b200000, 0x000000070b400000|  0%| F|  |TAMS 0x000000070b200000| PB 0x000000070b200000| Untracked |  0
|  70|0x000000070b400000, 0x000000070b400000, 0x000000070b600000|  0%| F|  |TAMS 0x000000070b400000| PB 0x000000070b400000| Untracked |  0
|  71|0x000000070b600000, 0x000000070b600000, 0x000000070b800000|  0%| F|  |TAMS 0x000000070b600000| PB 0x000000070b600000| Untracked |  0
|  72|0x000000070b800000, 0x000000070b800000, 0x000000070ba00000|  0%| F|  |TAMS 0x000000070b800000| PB 0x000000070b800000| Untracked |  0
|  73|0x000000070ba00000, 0x000000070ba00000, 0x000000070bc00000|  0%| F|  |TAMS 0x000000070ba00000| PB 0x000000070ba00000| Untracked |  0
|  74|0x000000070bc00000, 0x000000070bc00000, 0x000000070be00000|  0%| F|  |TAMS 0x000000070bc00000| PB 0x000000070bc00000| Untracked |  0
|  75|0x000000070be00000, 0x000000070be00000, 0x000000070c000000|  0%| F|  |TAMS 0x000000070be00000| PB 0x000000070be00000| Untracked |  0
|  76|0x000000070c000000, 0x000000070c000000, 0x000000070c200000|  0%| F|  |TAMS 0x000000070c000000| PB 0x000000070c000000| Untracked |  0
|  77|0x000000070c200000, 0x000000070c200000, 0x000000070c400000|  0%| F|  |TAMS 0x000000070c200000| PB 0x000000070c200000| Untracked |  0
|  78|0x000000070c400000, 0x000000070c400000, 0x000000070c600000|  0%| F|  |TAMS 0x000000070c400000| PB 0x000000070c400000| Untracked |  0
|  79|0x000000070c600000, 0x000000070c600000, 0x000000070c800000|  0%| F|  |TAMS 0x000000070c600000| PB 0x000000070c600000| Untracked |  0
|  80|0x000000070c800000, 0x000000070c800000, 0x000000070ca00000|  0%| F|  |TAMS 0x000000070c800000| PB 0x000000070c800000| Untracked |  0
|  81|0x000000070ca00000, 0x000000070ca00000, 0x000000070cc00000|  0%| F|  |TAMS 0x000000070ca00000| PB 0x000000070ca00000| Untracked |  0
|  82|0x000000070cc00000, 0x000000070cc00000, 0x000000070ce00000|  0%| F|  |TAMS 0x000000070cc00000| PB 0x000000070cc00000| Untracked |  0
|  83|0x000000070ce00000, 0x000000070ce00000, 0x000000070d000000|  0%| F|  |TAMS 0x000000070ce00000| PB 0x000000070ce00000| Untracked |  0
|  84|0x000000070d000000, 0x000000070d000000, 0x000000070d200000|  0%| F|  |TAMS 0x000000070d000000| PB 0x000000070d000000| Untracked |  0
|  85|0x000000070d200000, 0x000000070d200000, 0x000000070d400000|  0%| F|  |TAMS 0x000000070d200000| PB 0x000000070d200000| Untracked |  0
|  86|0x000000070d400000, 0x000000070d400000, 0x000000070d600000|  0%| F|  |TAMS 0x000000070d400000| PB 0x000000070d400000| Untracked |  0
|  87|0x000000070d600000, 0x000000070d600000, 0x000000070d800000|  0%| F|  |TAMS 0x000000070d600000| PB 0x000000070d600000| Untracked |  0
|  88|0x000000070d800000, 0x000000070d800000, 0x000000070da00000|  0%| F|  |TAMS 0x000000070d800000| PB 0x000000070d800000| Untracked |  0
|  89|0x000000070da00000, 0x000000070da00000, 0x000000070dc00000|  0%| F|  |TAMS 0x000000070da00000| PB 0x000000070da00000| Untracked |  0
|  90|0x000000070dc00000, 0x000000070dc00000, 0x000000070de00000|  0%| F|  |TAMS 0x000000070dc00000| PB 0x000000070dc00000| Untracked |  0
|  91|0x000000070de00000, 0x000000070de00000, 0x000000070e000000|  0%| F|  |TAMS 0x000000070de00000| PB 0x000000070de00000| Untracked |  0
|  92|0x000000070e000000, 0x000000070e000000, 0x000000070e200000|  0%| F|  |TAMS 0x000000070e000000| PB 0x000000070e000000| Untracked |  0
|  93|0x000000070e200000, 0x000000070e200000, 0x000000070e400000|  0%| F|  |TAMS 0x000000070e200000| PB 0x000000070e200000| Untracked |  0
|  94|0x000000070e400000, 0x000000070e400000, 0x000000070e600000|  0%| F|  |TAMS 0x000000070e400000| PB 0x000000070e400000| Untracked |  0
|  95|0x000000070e600000, 0x000000070e600000, 0x000000070e800000|  0%| F|  |TAMS 0x000000070e600000| PB 0x000000070e600000| Untracked |  0
|  96|0x000000070e800000, 0x000000070e800000, 0x000000070ea00000|  0%| F|  |TAMS 0x000000070e800000| PB 0x000000070e800000| Untracked |  0
|  97|0x000000070ea00000, 0x000000070ea00000, 0x000000070ec00000|  0%| F|  |TAMS 0x000000070ea00000| PB 0x000000070ea00000| Untracked |  0
|  98|0x000000070ec00000, 0x000000070ec00000, 0x000000070ee00000|  0%| F|  |TAMS 0x000000070ec00000| PB 0x000000070ec00000| Untracked |  0
|  99|0x000000070ee00000, 0x000000070ee00000, 0x000000070f000000|  0%| F|  |TAMS 0x000000070ee00000| PB 0x000000070ee00000| Untracked |  0
| 100|0x000000070f000000, 0x000000070f000000, 0x000000070f200000|  0%| F|  |TAMS 0x000000070f000000| PB 0x000000070f000000| Untracked |  0
| 101|0x000000070f200000, 0x000000070f200000, 0x000000070f400000|  0%| F|  |TAMS 0x000000070f200000| PB 0x000000070f200000| Untracked |  0
| 102|0x000000070f400000, 0x000000070f400000, 0x000000070f600000|  0%| F|  |TAMS 0x000000070f400000| PB 0x000000070f400000| Untracked |  0
| 103|0x000000070f600000, 0x000000070f660750, 0x000000070f800000| 18%| E|  |TAMS 0x000000070f600000| PB 0x000000070f600000| Complete |  0
| 104|0x000000070f800000, 0x000000070fa00000, 0x000000070fa00000|100%| E|CS|TAMS 0x000000070f800000| PB 0x000000070f800000| Complete |  1
| 105|0x000000070fa00000, 0x000000070fc00000, 0x000000070fc00000|100%| E|CS|TAMS 0x000000070fa00000| PB 0x000000070fa00000| Complete |  0
| 106|0x000000070fc00000, 0x000000070fe00000, 0x000000070fe00000|100%| E|CS|TAMS 0x000000070fc00000| PB 0x000000070fc00000| Complete |  0
| 107|0x000000070fe00000, 0x0000000710000000, 0x0000000710000000|100%| E|CS|TAMS 0x000000070fe00000| PB 0x000000070fe00000| Complete |  0
| 108|0x0000000710000000, 0x0000000710200000, 0x0000000710200000|100%| E|CS|TAMS 0x0000000710000000| PB 0x0000000710000000| Complete |  0
| 109|0x0000000710200000, 0x0000000710400000, 0x0000000710400000|100%| E|CS|TAMS 0x0000000710200000| PB 0x0000000710200000| Complete |  0
| 110|0x0000000710400000, 0x0000000710600000, 0x0000000710600000|100%| E|CS|TAMS 0x0000000710400000| PB 0x0000000710400000| Complete |  0
| 111|0x0000000710600000, 0x0000000710800000, 0x0000000710800000|100%| E|CS|TAMS 0x0000000710600000| PB 0x0000000710600000| Complete |  0
| 112|0x0000000710800000, 0x0000000710a00000, 0x0000000710a00000|100%| E|CS|TAMS 0x0000000710800000| PB 0x0000000710800000| Complete |  0
| 113|0x0000000710a00000, 0x0000000710c00000, 0x0000000710c00000|100%| E|CS|TAMS 0x0000000710a00000| PB 0x0000000710a00000| Complete |  0
| 114|0x0000000710c00000, 0x0000000710e00000, 0x0000000710e00000|100%| E|CS|TAMS 0x0000000710c00000| PB 0x0000000710c00000| Complete |  0
| 115|0x0000000710e00000, 0x0000000711000000, 0x0000000711000000|100%| E|  |TAMS 0x0000000710e00000| PB 0x0000000710e00000| Complete |  0
| 116|0x0000000711000000, 0x00000007111c42a8, 0x0000000711200000| 88%| S|CS|TAMS 0x0000000711000000| PB 0x0000000711000000| Complete |  0
| 117|0x0000000711200000, 0x0000000711400000, 0x0000000711400000|100%| E|CS|TAMS 0x0000000711200000| PB 0x0000000711200000| Complete |  0
| 118|0x0000000711400000, 0x0000000711600000, 0x0000000711600000|100%| E|CS|TAMS 0x0000000711400000| PB 0x0000000711400000| Complete |  0
| 119|0x0000000711600000, 0x0000000711800000, 0x0000000711800000|100%| E|CS|TAMS 0x0000000711600000| PB 0x0000000711600000| Complete |  0
| 120|0x0000000711800000, 0x0000000711a00000, 0x0000000711a00000|100%| E|CS|TAMS 0x0000000711800000| PB 0x0000000711800000| Complete |  0
| 121|0x0000000711a00000, 0x0000000711c00000, 0x0000000711c00000|100%| E|CS|TAMS 0x0000000711a00000| PB 0x0000000711a00000| Complete |  0
| 122|0x0000000711c00000, 0x0000000711e00000, 0x0000000711e00000|100%| E|CS|TAMS 0x0000000711c00000| PB 0x0000000711c00000| Complete |  0
| 123|0x0000000711e00000, 0x0000000712000000, 0x0000000712000000|100%| E|CS|TAMS 0x0000000711e00000| PB 0x0000000711e00000| Complete |  0
| 124|0x0000000712000000, 0x0000000712200000, 0x0000000712200000|100%| E|CS|TAMS 0x0000000712000000| PB 0x0000000712000000| Complete |  0
| 125|0x0000000712200000, 0x0000000712400000, 0x0000000712400000|100%| E|CS|TAMS 0x0000000712200000| PB 0x0000000712200000| Complete |  0
| 126|0x0000000712400000, 0x0000000712600000, 0x0000000712600000|100%| E|CS|TAMS 0x0000000712400000| PB 0x0000000712400000| Complete |  0

Card table byte_map: [0x00000199e2750000,0x00000199e2f40000] _byte_map_base: 0x00000199def3c000

Marking Bits: (CMBitMap*) 0x00000199ca44ee00
 Bits: [0x00000199e2f40000, 0x00000199e6ea0000)

Polling page: 0x00000199c9ba0000

Metaspace:

Usage:
  Non-class:     18.01 MB used.
      Class:      2.52 MB used.
       Both:     20.53 MB used.

Virtual space:
  Non-class space:       64.00 MB reserved,      18.19 MB ( 28%) committed,  1 nodes.
      Class space:        1.00 GB reserved,       2.69 MB ( <1%) committed,  1 nodes.
             Both:        1.06 GB reserved,      20.88 MB (  2%) committed. 

Chunk freelists:
   Non-Class:  13.66 MB
       Class:  13.30 MB
        Both:  26.95 MB

MaxMetaspaceSize: unlimited
CompressedClassSpaceSize: 1.00 GB
Initial GC threshold: 21.00 MB
Current GC threshold: 21.00 MB
CDS: on
 - commit_granule_bytes: 65536.
 - commit_granule_words: 8192.
 - virtual_space_node_default_size: 8388608.
 - enlarge_chunks_in_place: 1.
 - use_allocation_guard: 0.


Internal statistics:

num_allocs_failed_limit: 0.
num_arena_births: 284.
num_arena_deaths: 0.
num_vsnodes_births: 2.
num_vsnodes_deaths: 0.
num_space_committed: 334.
num_space_uncommitted: 0.
num_chunks_returned_to_freelist: 0.
num_chunks_taken_from_freelist: 953.
num_chunk_merges: 0.
num_chunk_splits: 634.
num_chunks_enlarged: 454.
num_inconsistent_stats: 0.

CodeHeap 'non-profiled nmethods': size=120064Kb used=1071Kb max_used=1071Kb free=118992Kb
 bounds [0x00000199da5d0000, 0x00000199da840000, 0x00000199e1b10000]
CodeHeap 'profiled nmethods': size=120000Kb used=4770Kb max_used=4770Kb free=115229Kb
 bounds [0x00000199d2b10000, 0x00000199d2fc0000, 0x00000199da040000]
CodeHeap 'non-nmethods': size=5696Kb used=1454Kb max_used=1492Kb free=4241Kb
 bounds [0x00000199da040000, 0x00000199da2b0000, 0x00000199da5d0000]
CodeCache: size=245760Kb, used=7295Kb, max_used=7333Kb, free=238462Kb
 total_blobs=3745, nmethods=3197, adapters=453, full_count=0
Compilation: enabled, stopped_count=0, restarted_count=0

Compilation events (20 events):
Event: 1.832 Thread 0x00000199c50167c0 3105       3       org.springframework.core.type.AnnotatedTypeMetadata::getAnnotationAttributes (9 bytes)
Event: 1.832 Thread 0x00000199c52520f0 nmethod 3084 0x00000199da6d2708 code [0x00000199da6d2840, 0x00000199da6d2d40]
Event: 1.832 Thread 0x00000199c50167c0 nmethod 3105 0x00000199d2f8e288 code [0x00000199d2f8e3a0, 0x00000199d2f8e578]
Event: 1.832 Thread 0x00000199c52520f0 3104       4       java.lang.String::getChars (55 bytes)
Event: 1.834 Thread 0x00000199c52520f0 nmethod 3104 0x00000199da6d2e08 code [0x00000199da6d2f20, 0x00000199da6d3290]
Event: 1.835 Thread 0x00000199c50167c0 3106   !   3       org.springframework.beans.BeanUtils::instantiateClass (208 bytes)
Event: 1.836 Thread 0x00000199c50167c0 nmethod 3106 0x00000199d2f8e608 code [0x00000199d2f8e900, 0x00000199d2f90020]
Event: 1.836 Thread 0x00000199c50167c0 3110       3       java.util.IdentityHashMap::get (60 bytes)
Event: 1.837 Thread 0x00000199c50167c0 nmethod 3110 0x00000199d2f90108 code [0x00000199d2f90260, 0x00000199d2f906a8]
Event: 1.837 Thread 0x00000199c50167c0 3108       3       java.util.IdentityHashMap::maskNull (12 bytes)
Event: 1.837 Thread 0x00000199c50167c0 nmethod 3108 0x00000199d2f90708 code [0x00000199d2f90820, 0x00000199d2f90950]
Event: 1.837 Thread 0x00000199c50167c0 3109       3       java.util.IdentityHashMap::hash (18 bytes)
Event: 1.837 Thread 0x00000199c50167c0 nmethod 3109 0x00000199d2f90a08 code [0x00000199d2f90b20, 0x00000199d2f90c58]
Event: 1.837 Thread 0x00000199c50167c0 3111       1       org.springframework.context.annotation.ConfigurationMethod::getMetadata (5 bytes)
Event: 1.837 Thread 0x00000199c50167c0 nmethod 3111 0x00000199da6d3308 code [0x00000199da6d3420, 0x00000199da6d34f0]
Event: 1.837 Thread 0x00000199c50167c0 3112       1       org.springframework.core.type.classreading.SimpleMethodMetadata::getMethodName (5 bytes)
Event: 1.837 Thread 0x00000199c50167c0 nmethod 3112 0x00000199da6d3608 code [0x00000199da6d3720, 0x00000199da6d37f0]
Event: 1.837 Thread 0x00000199c50167c0 3107   !   3       org.springframework.beans.BeanUtils::instantiateClass (83 bytes)
Event: 2.847 Thread 0x00000199c50167c0 nmethod 3107 0x00000199d2f90d08 code [0x00000199d2f90f00, 0x00000199d2f918d0]
Event: 2.848 Thread 0x00000199c50167c0 3113       3       org.springframework.core.annotation.AbstractMergedAnnotation$$Lambda/0x00000199811aa708::apply (8 bytes)

GC Heap History (4 events):
Event: 0.776 GC heap before
{Heap before GC invocations=0 (full 0):
 garbage-first heap   total reserved 4153344K, committed 260096K, used 24576K [0x0000000702800000, 0x0000000800000000)
  region size 2048K, 12 young (24576K), 0 survivors (0K)
 Metaspace       used 6967K, committed 7168K, reserved 1114112K
  class space    used 846K, committed 960K, reserved 1048576K
}
Event: 0.781 GC heap after
{Heap after GC invocations=1 (full 0):
 garbage-first heap   total reserved 4153344K, committed 260096K, used 6883K [0x0000000702800000, 0x0000000800000000)
  region size 2048K, 2 young (4096K), 2 survivors (4096K)
 Metaspace       used 6967K, committed 7168K, reserved 1114112K
  class space    used 846K, committed 960K, reserved 1048576K
}
Event: 1.154 GC heap before
{Heap before GC invocations=1 (full 0):
 garbage-first heap   total reserved 4153344K, committed 260096K, used 27363K [0x0000000702800000, 0x0000000800000000)
  region size 2048K, 12 young (24576K), 2 survivors (4096K)
 Metaspace       used 13205K, committed 13440K, reserved 1114112K
  class space    used 1622K, committed 1728K, reserved 1048576K
}
Event: 1.159 GC heap after
{Heap after GC invocations=2 (full 0):
 garbage-first heap   total reserved 4153344K, committed 260096K, used 8783K [0x0000000702800000, 0x0000000800000000)
  region size 2048K, 1 young (2048K), 1 survivors (2048K)
 Metaspace       used 13205K, committed 13440K, reserved 1114112K
  class space    used 1622K, committed 1728K, reserved 1048576K
}

Dll operation events (11 events):
Event: 0.011 Loaded shared library C:\Users\seerangamani\.jdks\openjdk-23.0.2\bin\java.dll
Event: 0.045 Loaded shared library C:\Users\seerangamani\.jdks\openjdk-23.0.2\bin\jsvml.dll
Event: 0.140 Loaded shared library C:\Users\seerangamani\.jdks\openjdk-23.0.2\bin\zip.dll
Event: 0.143 Loaded shared library C:\Users\seerangamani\.jdks\openjdk-23.0.2\bin\instrument.dll
Event: 0.148 Loaded shared library C:\Users\seerangamani\.jdks\openjdk-23.0.2\bin\net.dll
Event: 0.150 Loaded shared library C:\Users\seerangamani\.jdks\openjdk-23.0.2\bin\nio.dll
Event: 0.152 Loaded shared library C:\Users\seerangamani\.jdks\openjdk-23.0.2\bin\zip.dll
Event: 0.226 Loaded shared library C:\Program Files\JetBrains\IntelliJ IDEA Community Edition 2024.3\bin\breakgen64.dll
Event: 0.236 Loaded shared library C:\Users\seerangamani\.jdks\openjdk-23.0.2\bin\extnet.dll
Event: 0.269 Loaded shared library C:\Users\seerangamani\.jdks\openjdk-23.0.2\bin\jimage.dll
Event: 1.480 Loaded shared library C:\Users\seerangamani\.jdks\openjdk-23.0.2\bin\sunmscapi.dll

Deoptimization events (20 events):
Event: 1.462 Thread 0x00000199c817eaf0 DEOPT PACKING pc=0x00000199d2c04f8e sp=0x0000009860bfe460
Event: 1.462 Thread 0x00000199c817eaf0 DEOPT UNPACKING pc=0x00000199da094b22 sp=0x0000009860bfd948 mode 0
Event: 1.463 Thread 0x00000199c817eaf0 DEOPT PACKING pc=0x00000199d2c0a065 sp=0x0000009860bfe450
Event: 1.463 Thread 0x00000199c817eaf0 DEOPT UNPACKING pc=0x00000199da094b22 sp=0x0000009860bfd940 mode 0
Event: 1.463 Thread 0x00000199c817eaf0 DEOPT PACKING pc=0x00000199d2c04f8e sp=0x0000009860bfe460
Event: 1.463 Thread 0x00000199c817eaf0 DEOPT UNPACKING pc=0x00000199da094b22 sp=0x0000009860bfd948 mode 0
Event: 1.582 Thread 0x00000199c817eaf0 Uncommon trap: trap_request=0xffffff45 fr.pc=0x00000199da6af51c relative=0x0000000000000edc
Event: 1.582 Thread 0x00000199c817eaf0 Uncommon trap: reason=unstable_if action=reinterpret pc=0x00000199da6af51c method=jdk.internal.jimage.ImageStringsReader.stringFromByteBufferMatches(Ljava/nio/ByteBuffer;ILjava/lang/String;I)I @ 48 c2
Event: 1.582 Thread 0x00000199c817eaf0 DEOPT PACKING pc=0x00000199da6af51c sp=0x0000009860bfd560
Event: 1.582 Thread 0x00000199c817eaf0 DEOPT UNPACKING pc=0x00000199da094402 sp=0x0000009860bfd298 mode 2
Event: 1.666 Thread 0x00000199c817eaf0 Uncommon trap: trap_request=0xffffff45 fr.pc=0x00000199da6b831c relative=0x00000000000015fc
Event: 1.666 Thread 0x00000199c817eaf0 Uncommon trap: reason=unstable_if action=reinterpret pc=0x00000199da6b831c method=jdk.internal.jimage.ImageStringsReader.stringFromByteBufferMatches(Ljava/nio/ByteBuffer;ILjava/lang/String;I)I @ 48 c2
Event: 1.666 Thread 0x00000199c817eaf0 DEOPT PACKING pc=0x00000199da6b831c sp=0x0000009860bfd990
Event: 1.666 Thread 0x00000199c817eaf0 DEOPT UNPACKING pc=0x00000199da094402 sp=0x0000009860bfd528 mode 2
Event: 1.684 Thread 0x00000199c817eaf0 DEOPT PACKING pc=0x00000199d2b5872c sp=0x0000009860bfdb60
Event: 1.684 Thread 0x00000199c817eaf0 DEOPT UNPACKING pc=0x00000199da094b22 sp=0x0000009860bfd060 mode 0
Event: 1.731 Thread 0x00000199c817eaf0 DEOPT PACKING pc=0x00000199d2b5872c sp=0x0000009860bfd950
Event: 1.731 Thread 0x00000199c817eaf0 DEOPT UNPACKING pc=0x00000199da094b22 sp=0x0000009860bfce50 mode 0
Event: 1.775 Thread 0x00000199c817eaf0 DEOPT PACKING pc=0x00000199d2b5872c sp=0x0000009860bfd5b0
Event: 1.775 Thread 0x00000199c817eaf0 DEOPT UNPACKING pc=0x00000199da094b22 sp=0x0000009860bfcab0 mode 0

Classes loaded (20 events):
Event: 1.472 Loading class java/security/PrivilegedActionException
Event: 1.472 Loading class java/security/PrivilegedActionException done
Event: 1.472 Loading class javax/security/auth/login/FailedLoginException
Event: 1.472 Loading class javax/security/auth/login/FailedLoginException done
Event: 1.473 Loading class javax/security/auth/callback/CallbackHandler
Event: 1.473 Loading class javax/security/auth/callback/CallbackHandler done
Event: 1.473 Loading class javax/security/auth/Subject
Event: 1.473 Loading class javax/security/auth/Subject done
Event: 1.485 Loading class sun/security/provider/certpath/ldap/JdkLDAP
Event: 1.485 Loading class sun/security/provider/certpath/ldap/JdkLDAP done
Event: 1.487 Loading class sun/security/provider/certpath/ldap/JdkLDAP$ProviderService
Event: 1.487 Loading class sun/security/provider/certpath/ldap/JdkLDAP$ProviderService done
Event: 1.487 Loading class com/sun/security/sasl/Provider
Event: 1.487 Loading class com/sun/security/sasl/Provider done
Event: 1.487 Loading class com/sun/security/sasl/Provider$1
Event: 1.487 Loading class com/sun/security/sasl/Provider$1 done
Event: 1.487 Loading class com/sun/security/sasl/Provider$ProviderService
Event: 1.487 Loading class com/sun/security/sasl/Provider$ProviderService done
Event: 1.638 Loading class java/beans/PropertyVetoException
Event: 1.638 Loading class java/beans/PropertyVetoException done

Classes unloaded (0 events):
No events

Classes redefined (0 events):
No events

Internal exceptions (20 events):
Event: 0.859 Thread 0x00000199c817eaf0 Exception <a 'java/lang/NoSuchMethodError'{0x0000000712306220}: 'java.lang.Object java.lang.invoke.DirectMethodHandle$Holder.newInvokeSpecial(java.lang.Object, int, java.lang.Object)'> (0x0000000712306220) 
thrown [s\open\src\hotspot\share\interpreter\linkResolver.cpp, line 796]
Event: 0.860 Thread 0x00000199c817eaf0 Exception <a 'java/lang/NoSuchMethodError'{0x000000071230ae60}: 'int java.lang.invoke.DirectMethodHandle$Holder.invokeSpecialIFC(java.lang.Object, java.lang.Object, java.lang.Object, java.lang.Object)'> (0x000000071230ae60) 
thrown [s\open\src\hotspot\share\interpreter\linkResolver.cpp, line 796]
Event: 0.881 Thread 0x00000199c817eaf0 Exception <a 'java/lang/NoSuchMethodError'{0x00000007123e8988}: 'void java.lang.invoke.DirectMethodHandle$Holder.invokeInterface(java.lang.Object, java.lang.Object, java.lang.Object)'> (0x00000007123e8988) 
thrown [s\open\src\hotspot\share\interpreter\linkResolver.cpp, line 796]
Event: 0.900 Thread 0x00000199c817eaf0 Exception <a 'java/lang/NoSuchMethodError'{0x00000007120743b8}: 'void java.lang.invoke.DirectMethodHandle$Holder.invokeStaticInit(java.lang.Object, java.lang.Object, java.lang.Object)'> (0x00000007120743b8) 
thrown [s\open\src\hotspot\share\interpreter\linkResolver.cpp, line 796]
Event: 0.907 Thread 0x00000199c817eaf0 Exception <a 'java/lang/NoSuchMethodError'{0x00000007120b92d0}: 'java.lang.Object java.lang.invoke.DirectMethodHandle$Holder.invokeVirtual(java.lang.Object, java.lang.Object, java.lang.Object)'> (0x00000007120b92d0) 
thrown [s\open\src\hotspot\share\interpreter\linkResolver.cpp, line 796]
Event: 0.913 Thread 0x00000199c817eaf0 Exception <a 'java/lang/NoSuchMethodError'{0x00000007120db1b0}: 'java.lang.Object java.lang.invoke.DirectMethodHandle$Holder.invokeStatic(java.lang.Object, long, java.lang.Object)'> (0x00000007120db1b0) 
thrown [s\open\src\hotspot\share\interpreter\linkResolver.cpp, line 796]
Event: 0.913 Thread 0x00000199c817eaf0 Exception <a 'java/lang/NoSuchMethodError'{0x00000007120de850}: 'java.lang.Object java.lang.invoke.DirectMethodHandle$Holder.invokeStaticInit(java.lang.Object, long, java.lang.Object)'> (0x00000007120de850) 
thrown [s\open\src\hotspot\share\interpreter\linkResolver.cpp, line 796]
Event: 0.914 Thread 0x00000199c817eaf0 Exception <a 'java/lang/NoSuchMethodError'{0x00000007120e4140}: 'java.lang.Object java.lang.invoke.DirectMethodHandle$Holder.newInvokeSpecial(java.lang.Object, long)'> (0x00000007120e4140) 
thrown [s\open\src\hotspot\share\interpreter\linkResolver.cpp, line 796]
Event: 0.929 Thread 0x00000199c817eaf0 Exception <a 'java/lang/NoSuchMethodError'{0x0000000712145148}: 'void java.lang.invoke.DirectMethodHandle$Holder.invokeVirtual(java.lang.Object, java.lang.Object, java.lang.Object, java.lang.Object)'> (0x0000000712145148) 
thrown [s\open\src\hotspot\share\interpreter\linkResolver.cpp, line 796]
Event: 0.989 Thread 0x00000199c5e8d7f0 Exception <a 'java/lang/NoClassDefFoundError'{0x0000000711fa4e38}: jakarta/validation/Validation> (0x0000000711fa4e38) 
thrown [s\open\src\hotspot\share\classfile\systemDictionary.cpp, line 302]
Event: 0.989 Thread 0x00000199c817eaf0 Exception <a 'java/lang/IncompatibleClassChangeError'{0x0000000711f7aeb0}: Found class java.lang.Object, but interface was expected> (0x0000000711f7aeb0) 
thrown [s\open\src\hotspot\share\interpreter\linkResolver.cpp, line 863]
Event: 1.260 Thread 0x00000199c817eaf0 Exception <a 'java/lang/NoSuchMethodError'{0x0000000711f2d268}: 'int java.lang.invoke.DirectMethodHandle$Holder.invokeSpecial(java.lang.Object, java.lang.Object, java.lang.Object, java.lang.Object, java.lang.Object)'> (0x0000000711f2d268) 
thrown [s\open\src\hotspot\share\interpreter\linkResolver.cpp, line 796]
Event: 1.262 Thread 0x00000199c817eaf0 Exception <a 'java/lang/NoSuchMethodError'{0x0000000711fb5200}: 'void java.lang.invoke.DirectMethodHandle$Holder.invokeVirtual(java.lang.Object, java.lang.Object)'> (0x0000000711fb5200) 
thrown [s\open\src\hotspot\share\interpreter\linkResolver.cpp, line 796]
Event: 1.352 Thread 0x00000199c5e8d7f0 Exception <a 'java/lang/NoSuchMethodError'{0x0000000711454308}: 'long java.lang.invoke.DirectMethodHandle$Holder.invokeSpecial(java.lang.Object, java.lang.Object)'> (0x0000000711454308) 
thrown [s\open\src\hotspot\share\interpreter\linkResolver.cpp, line 796]
Event: 1.354 Thread 0x00000199c5e8d7f0 Exception <a 'java/lang/NoSuchMethodError'{0x000000071145df00}: 'long java.lang.invoke.DirectMethodHandle$Holder.invokeStatic(java.lang.Object, java.lang.Object)'> (0x000000071145df00) 
thrown [s\open\src\hotspot\share\interpreter\linkResolver.cpp, line 796]
Event: 1.354 Thread 0x00000199c5e8d7f0 Exception <a 'java/lang/NoSuchMethodError'{0x0000000711461000}: 'long java.lang.invoke.DirectMethodHandle$Holder.invokeStaticInit(java.lang.Object, java.lang.Object)'> (0x0000000711461000) 
thrown [s\open\src\hotspot\share\interpreter\linkResolver.cpp, line 796]
Event: 1.356 Thread 0x00000199c5e8d7f0 Exception <a 'java/lang/NoSuchMethodError'{0x000000071146d288}: 'long java.lang.invoke.DirectMethodHandle$Holder.invokeInterface(java.lang.Object, java.lang.Object)'> (0x000000071146d288) 
thrown [s\open\src\hotspot\share\interpreter\linkResolver.cpp, line 796]
Event: 1.356 Thread 0x00000199c5e8d7f0 Exception <a 'java/lang/IncompatibleClassChangeError'{0x00000007114d4b70}: Found class java.lang.Object, but interface was expected> (0x00000007114d4b70) 
thrown [s\open\src\hotspot\share\interpreter\linkResolver.cpp, line 863]
Event: 1.359 Thread 0x00000199c5e8d7f0 Exception <a 'java/lang/NoSuchMethodError'{0x00000007114ed220}: 'java.lang.Object java.lang.invoke.DirectMethodHandle$Holder.invokeVirtual(java.lang.Object, java.lang.Object, java.lang.Object, java.lang.Object)'> (0x00000007114ed220) 
thrown [s\open\src\hotspot\share\interpreter\linkResolver.cpp, line 796]
Event: 1.452 Thread 0x00000199c817eaf0 Exception <a 'java/lang/IncompatibleClassChangeError'{0x0000000710a59a68}: Found class java.lang.Object, but interface was expected> (0x0000000710a59a68) 
thrown [s\open\src\hotspot\share\interpreter\linkResolver.cpp, line 863]

VM Operations (20 events):
Event: 0.957 Executing VM operation: HandshakeAllThreads (Deoptimize)
Event: 0.957 Executing VM operation: HandshakeAllThreads (Deoptimize) done
Event: 0.961 Executing VM operation: HandshakeAllThreads (Deoptimize)
Event: 0.961 Executing VM operation: HandshakeAllThreads (Deoptimize) done
Event: 0.962 Executing VM operation: HandshakeAllThreads (Deoptimize)
Event: 0.962 Executing VM operation: HandshakeAllThreads (Deoptimize) done
Event: 0.995 Executing VM operation: HandshakeAllThreads (Deoptimize)
Event: 0.995 Executing VM operation: HandshakeAllThreads (Deoptimize) done
Event: 1.154 Executing VM operation: G1CollectForAllocation (G1 Evacuation Pause)
Event: 1.159 Executing VM operation: G1CollectForAllocation (G1 Evacuation Pause) done
Event: 1.189 Executing VM operation: HandshakeAllThreads (Deoptimize)
Event: 1.189 Executing VM operation: HandshakeAllThreads (Deoptimize) done
Event: 1.190 Executing VM operation: HandshakeAllThreads (Deoptimize)
Event: 1.190 Executing VM operation: HandshakeAllThreads (Deoptimize) done
Event: 1.239 Executing VM operation: HandshakeAllThreads (Deoptimize)
Event: 1.240 Executing VM operation: HandshakeAllThreads (Deoptimize) done
Event: 1.406 Executing VM operation: HandshakeAllThreads (Deoptimize)
Event: 1.407 Executing VM operation: HandshakeAllThreads (Deoptimize) done
Event: 1.450 Executing VM operation: HandshakeAllThreads (Deoptimize)
Event: 1.450 Executing VM operation: HandshakeAllThreads (Deoptimize) done

Memory protections (0 events):
No events

Nmethod flushes (0 events):
No events

Events (18 events):
Event: 0.027 Thread 0x00000199c817eaf0 Thread added: 0x00000199c817eaf0
Event: 0.042 Thread 0x00000199c817eaf0 Thread added: 0x00000199e944d6d0
Event: 0.042 Thread 0x00000199c817eaf0 Thread added: 0x00000199e94504c0
Event: 0.042 Thread 0x00000199c817eaf0 Thread added: 0x00000199e9457290
Event: 0.042 Thread 0x00000199c817eaf0 Thread added: 0x00000199e9457f50
Event: 0.042 Thread 0x00000199c817eaf0 Thread added: 0x00000199e945a3e0
Event: 0.043 Thread 0x00000199c817eaf0 Thread added: 0x00000199e945beb0
Event: 0.043 Thread 0x00000199c817eaf0 Thread added: 0x00000199e945e7f0
Event: 0.043 Thread 0x00000199c817eaf0 Thread added: 0x00000199c50167c0
Event: 0.114 Thread 0x00000199c817eaf0 Thread added: 0x00000199c51019c0
Event: 0.161 Thread 0x00000199e945e7f0 Thread added: 0x00000199c52520f0
Event: 0.227 Thread 0x00000199c817eaf0 Thread added: 0x00000199c541b260
Event: 0.227 Thread 0x00000199c817eaf0 Thread added: 0x00000199c53c5970
Event: 0.986 Thread 0x00000199c817eaf0 Thread added: 0x00000199c5e8d7f0
Event: 1.396 Thread 0x00000199c817eaf0 Thread added: 0x00000199c64d88c0
Event: 1.420 Thread 0x00000199c64d88c0 Thread exited: 0x00000199c64d88c0
Event: 1.456 Thread 0x00000199e945e7f0 Thread added: 0x00000199c64d88c0
Event: 1.491 Thread 0x00000199c5e8d7f0 Thread exited: 0x00000199c5e8d7f0


Dynamic libraries:
0x00007ff634f50000 - 0x00007ff634f5e000 	C:\Users\seerangamani\.jdks\openjdk-23.0.2\bin\java.exe
0x00007ffdeeb60000 - 0x00007ffdeedc5000 	C:\WINDOWS\SYSTEM32\ntdll.dll
0x00007ffdee310000 - 0x00007ffdee3d9000 	C:\WINDOWS\System32\KERNEL32.DLL
0x00007ffdec390000 - 0x00007ffdec778000 	C:\WINDOWS\System32\KERNELBASE.dll
0x00007ffdec0e0000 - 0x00007ffdec22b000 	C:\WINDOWS\System32\ucrtbase.dll
0x00007ffde5c20000 - 0x00007ffde5c3b000 	C:\Users\seerangamani\.jdks\openjdk-23.0.2\bin\VCRUNTIME140.dll
0x00007ffde5c00000 - 0x00007ffde5c17000 	C:\Users\seerangamani\.jdks\openjdk-23.0.2\bin\jli.dll
0x00007ffded1a0000 - 0x00007ffded36a000 	C:\WINDOWS\System32\USER32.dll
0x00007ffdeae40000 - 0x00007ffdeb0da000 	C:\WINDOWS\WinSxS\amd64_microsoft.windows.common-controls_6595b64144ccf1df_6.0.26100.4202_none_3e0698d4e335f517\COMCTL32.dll
0x00007ffdebec0000 - 0x00007ffdebee7000 	C:\WINDOWS\System32\win32u.dll
0x00007ffded060000 - 0x00007ffded109000 	C:\WINDOWS\System32\msvcrt.dll
0x00007ffdee100000 - 0x00007ffdee12b000 	C:\WINDOWS\System32\GDI32.dll
0x00007ffdebfa0000 - 0x00007ffdec0d7000 	C:\WINDOWS\System32\gdi32full.dll
0x00007ffdebef0000 - 0x00007ffdebf93000 	C:\WINDOWS\System32\msvcp_win.dll
0x00007ffded970000 - 0x00007ffded9a0000 	C:\WINDOWS\System32\IMM32.DLL
0x00007ffdeb440000 - 0x00007ffdeb44c000 	C:\Users\seerangamani\.jdks\openjdk-23.0.2\bin\vcruntime140_1.dll
0x00007ffdc7e60000 - 0x00007ffdc7eee000 	C:\Users\seerangamani\.jdks\openjdk-23.0.2\bin\msvcp140.dll
0x00007ffd84620000 - 0x00007ffd85370000 	C:\Users\seerangamani\.jdks\openjdk-23.0.2\bin\server\jvm.dll
0x00007ffdedf20000 - 0x00007ffdedfd3000 	C:\WINDOWS\System32\ADVAPI32.dll
0x00007ffdee3e0000 - 0x00007ffdee486000 	C:\WINDOWS\System32\sechost.dll
0x00007ffdedfe0000 - 0x00007ffdee0f5000 	C:\WINDOWS\System32\RPCRT4.dll
0x00007ffded670000 - 0x00007ffded6e4000 	C:\WINDOWS\System32\WS2_32.dll
0x00007ffdeb510000 - 0x00007ffdeb56e000 	C:\WINDOWS\SYSTEM32\POWRPROF.dll
0x00007ffdda9b0000 - 0x00007ffdda9e5000 	C:\WINDOWS\SYSTEM32\WINMM.dll
0x00007ffde0e00000 - 0x00007ffde0e0b000 	C:\WINDOWS\SYSTEM32\VERSION.dll
0x00007ffdeb1e0000 - 0x00007ffdeb1f4000 	C:\WINDOWS\SYSTEM32\UMPDC.dll
0x00007ffdea1d0000 - 0x00007ffdea1eb000 	C:\WINDOWS\SYSTEM32\kernel.appcore.dll
0x00007ffde5bf0000 - 0x00007ffde5bfa000 	C:\Users\seerangamani\.jdks\openjdk-23.0.2\bin\jimage.dll
0x00007ffdeb580000 - 0x00007ffdeb7c1000 	C:\WINDOWS\SYSTEM32\DBGHELP.DLL
0x00007ffdedad0000 - 0x00007ffdede55000 	C:\WINDOWS\System32\combase.dll
0x00007ffded9e0000 - 0x00007ffdedac1000 	C:\WINDOWS\System32\OLEAUT32.dll
0x00007ffdeb240000 - 0x00007ffdeb279000 	C:\WINDOWS\SYSTEM32\dbgcore.DLL
0x00007ffdec230000 - 0x00007ffdec2c9000 	C:\WINDOWS\System32\bcryptPrimitives.dll
0x00007ffde4040000 - 0x00007ffde404f000 	C:\Users\seerangamani\.jdks\openjdk-23.0.2\bin\instrument.dll
0x00007ffde1d80000 - 0x00007ffde1d9e000 	C:\Users\seerangamani\.jdks\openjdk-23.0.2\bin\java.dll
0x00007ffded430000 - 0x00007ffded5ce000 	C:\WINDOWS\System32\ole32.dll
0x00007ffdec910000 - 0x00007ffded052000 	C:\WINDOWS\System32\SHELL32.dll
0x00007ffdec780000 - 0x00007ffdec8f4000 	C:\WINDOWS\System32\wintypes.dll
0x00007ffde8ed0000 - 0x00007ffde9728000 	C:\WINDOWS\SYSTEM32\windows.storage.dll
0x00007ffdeea20000 - 0x00007ffdeeb11000 	C:\WINDOWS\System32\SHCORE.dll
0x00007ffdedeb0000 - 0x00007ffdedf1a000 	C:\WINDOWS\System32\shlwapi.dll
0x00007ffdebb90000 - 0x00007ffdebbbf000 	C:\WINDOWS\SYSTEM32\profapi.dll
0x00007ffdc7d80000 - 0x00007ffdc7e57000 	C:\Users\seerangamani\.jdks\openjdk-23.0.2\bin\jsvml.dll
0x00007ffdd22e0000 - 0x00007ffdd22f7000 	C:\Users\seerangamani\.jdks\openjdk-23.0.2\bin\zip.dll
0x00007ffddbf40000 - 0x00007ffddbf50000 	C:\Users\seerangamani\.jdks\openjdk-23.0.2\bin\net.dll
0x00007ffdea770000 - 0x00007ffdea7da000 	C:\WINDOWS\system32\mswsock.dll
0x00007ffddbf20000 - 0x00007ffddbf36000 	C:\Users\seerangamani\.jdks\openjdk-23.0.2\bin\nio.dll
0x00007ffdd1000000 - 0x00007ffdd101a000 	C:\Program Files\JetBrains\IntelliJ IDEA Community Edition 2024.3\bin\breakgen64.dll
0x00007ffdd05f0000 - 0x00007ffdd05f9000 	C:\Users\seerangamani\.jdks\openjdk-23.0.2\bin\extnet.dll
0x00007ffdd05e0000 - 0x00007ffdd05ee000 	C:\Users\seerangamani\.jdks\openjdk-23.0.2\bin\sunmscapi.dll
0x00007ffdebcb0000 - 0x00007ffdebe27000 	C:\WINDOWS\System32\CRYPT32.dll
0x00007ffdeae00000 - 0x00007ffdeae30000 	C:\WINDOWS\SYSTEM32\ncrypt.dll
0x00007ffdeadb0000 - 0x00007ffdeadef000 	C:\WINDOWS\SYSTEM32\NTASN1.dll

dbghelp: loaded successfully - version: 4.0.5 - missing functions: none
symbol engine: initialized successfully - sym options: 0x614 - pdb path: .;C:\Users\seerangamani\.jdks\openjdk-23.0.2\bin;C:\WINDOWS\SYSTEM32;C:\WINDOWS\WinSxS\amd64_microsoft.windows.common-controls_6595b64144ccf1df_6.0.26100.4202_none_3e0698d4e335f517;C:\Users\seerangamani\.jdks\openjdk-23.0.2\bin\server;C:\Program Files\JetBrains\IntelliJ IDEA Community Edition 2024.3\bin

VM Arguments:
jvm_args: -javaagent:C:\Program Files\JetBrains\IntelliJ IDEA Community Edition 2024.3\lib\idea_rt.jar=57663:C:\Program Files\JetBrains\IntelliJ IDEA Community Edition 2024.3\bin -Dfile.encoding=UTF-8 -Dsun.stdout.encoding=UTF-8 -Dsun.stderr.encoding=UTF-8 
java_command: com.Attendance.BackEnd_Attendance.BackEndAttendanceApplication
java_class_path (initial): E:\Desktop\Attendance\BackEnd-Attendance\target\classes;C:\Users\seerangamani\.m2\repository\org\springframework\boot\spring-boot-starter-data-jpa\3.3.0\spring-boot-starter-data-jpa-3.3.0.jar;C:\Users\seerangamani\.m2\repository\org\springframework\boot\spring-boot-starter-aop\3.3.0\spring-boot-starter-aop-3.3.0.jar;C:\Users\seerangamani\.m2\repository\org\aspectj\aspectjweaver\1.9.22\aspectjweaver-1.9.22.jar;C:\Users\seerangamani\.m2\repository\org\springframework\boot\spring-boot-starter-jdbc\3.3.0\spring-boot-starter-jdbc-3.3.0.jar;C:\Users\seerangamani\.m2\repository\com\zaxxer\HikariCP\5.1.0\HikariCP-5.1.0.jar;C:\Users\seerangamani\.m2\repository\org\springframework\spring-jdbc\6.1.8\spring-jdbc-6.1.8.jar;C:\Users\seerangamani\.m2\repository\org\hibernate\orm\hibernate-core\6.5.2.Final\hibernate-core-6.5.2.Final.jar;C:\Users\seerangamani\.m2\repository\jakarta\persistence\jakarta.persistence-api\3.1.0\jakarta.persistence-api-3.1.0.jar;C:\Users\seerangamani\.m2\repository\jakarta\transaction\jakarta.transaction-api\2.0.1\jakarta.transaction-api-2.0.1.jar;C:\Users\seerangamani\.m2\repository\org\jboss\logging\jboss-logging\3.5.3.Final\jboss-logging-3.5.3.Final.jar;C:\Users\seerangamani\.m2\repository\org\hibernate\common\hibernate-commons-annotations\6.0.6.Final\hibernate-commons-annotations-6.0.6.Final.jar;C:\Users\seerangamani\.m2\repository\io\smallrye\jandex\3.1.2\jandex-3.1.2.jar;C:\Users\seerangamani\.m2\repository\com\fasterxml\classmate\1.7.0\classmate-1.7.0.jar;C:\Users\seerangamani\.m2\repository\net\bytebuddy\byte-buddy\1.14.16\byte-buddy-1.14.16.jar;C:\Users\seerangamani\.m2\repository\org\glassfish\jaxb\jaxb-runtime\4.0.5\jaxb-runtime-4.0.5.jar;C:\Users\seerangamani\.m2\repository\org\glassfish\jaxb\jaxb-core\4.0.5\jaxb-core-4.0.5.jar;C:\Users\seerangamani\.m2\repository\org\eclipse\angus\angus-activation\2.0.2\angus-activation-2.0.2.jar;C:\Users\seerangamani\.m2\repository\org\glassfish\jaxb\txw2\4.0.5\txw2-4.0.5.jar;C:\Users\seerangamani\.m2\repository\com\sun\istack\istack-commons-runtime\4.1.2\istack-commons-runtime-4.1.2.jar;C:\Users\seerangamani\.m2\repository\jakarta\inject\jakarta.inject-api\2.0.1\jakarta.inject-api-2.0.1.jar;C:\Users\seerangamani\.m2\repository\org\antlr\antlr4-runtime\4.13.0\antlr4-runtime-4.13.0.jar;C:\Users\seerangamani\.m2\repository\org\springframework\data\spring-data-jpa\3.3.0\spring-data-jpa-3.3.0.jar;C:\Users\seerangamani\.m2\repository\org\springframework\data\spring-data-commons\3.3.0\spring-data-commons-3.3.0.jar;C:\Users\seerangamani\.m2\repository\org\springframework\spring-orm\6.1.8\spring-orm-6.1.8.jar;C:\Users\seerangamani\.m2\repository\org\springframework\spring-context\6.1.8\spring-context-6.1.8.jar;C:\Users\seerangamani\.m2\repository\org\springframework\spring-tx\6.1.8\spring-tx-6.1.8.jar;C:\Users\seerangamani\.m2\repository\org\springframework\spring-beans\6.1.8\spring-beans-6.1.8.jar;C:\Users\seerangamani\.m2\repository\jakarta\annotation\jakarta.annotation-api\2.1.1\jakarta.annotation-api-2.1.1.jar;C:\Users\seerangamani\.m2\repository\org\slf4j\slf4j-api\2.0.13\slf4j-api-2.0.13.jar;C:\Users\seerangamani\.m2\repository\org\springframework\spring-aspects\6.1.8\spring-aspects-6.1.8.jar;C:\Users\seerangamani\.m2\repository\org\springframework\boot\spring-boot-starter-web\3.3.0\spring-boot-starter-web-3.3.0.jar;C:\Users\seerangamani\.m2\repository\org\springframework\boot\spring-boot-starter\3.3.0\spring-boot-starter-3.3.0.jar;C:\Users\seerangamani\.m2\repository\org\springframework\boot\spring-boot\3.3.0\spring-boot-3.3.0.jar;C:\Users\seerangamani\.m2\repository\org\springframework\boot\spring-boot-autoconfigure\3.3.0\spring-boot-autoconfigure-3.3.0.jar;C:\Users\seerangamani\.m2\repository\org\springframework\boot\spring-boot-starter-logging\3.3.0\spring-boot-starter-logging-3.3.0.jar;C:\Users\seerangamani\.m2\repository\ch\qos\logback\logback-classic\1.5.6\logback-classic-1.5.6.jar;C:\Users\seerangamani\.m2\repository\ch\qos\logback\logback-core\1.5.6\logback-core-1.5.6.jar;C:\Users\seerangamani\.m2\repository\org\apache\logging\log4j\log4j-to-slf4j\2.23.1\log4j-to-slf4j-2.23.1.jar;C:\Users\seerangamani\.m2\repository\org\apache\logging\log4j\log4j-api\2.23.1\log4j-api-2.23.1.jar;C:\Users\seerangamani\.m2\repository\org\slf4j\jul-to-slf4j\2.0.13\jul-to-slf4j-2.0.13.jar;C:\Users\seerangamani\.m2\repository\org\yaml\snakeyaml\2.2\snakeyaml-2.2.jar;C:\Users\seerangamani\.m2\repository\org\springframework\boot\spring-boot-starter-json\3.3.0\spring-boot-starter-json-3.3.0.jar;C:\Users\seerangamani\.m2\repository\com\fasterxml\jackson\core\jackson-databind\2.17.1\jackson-databind-2.17.1.jar;C:\Users\seerangamani\.m2\repository\com\fasterxml\jackson\core\jackson-annotations\2.17.1\jackson-annotations-2.17.1.jar;C:\Users\seerangamani\.m2\repository\com\fasterxml\jackson\core\jackson-core\2.17.1\jackson-core-2.17.1.jar;C:\Users\seerangamani\.m2\repository\com\fasterxml\jackson\datatype\jackson-datatype-jdk8\2.17.1\jackson-datatype-jdk8-2.17.1.jar;C:\Users\seerangamani\.m2\repository\com\fasterxml\jackson\datatype\jackson-datatype-jsr310\2.17.1\jackson-datatype-jsr310-2.17.1.jar;C:\Users\seerangamani\.m2\repository\com\fasterxml\jackson\module\jackson-module-parameter-names\2.17.1\jackson-module-parameter-names-2.17.1.jar;C:\Users\seerangamani\.m2\repository\org\springframework\boot\spring-boot-starter-tomcat\3.3.0\spring-boot-starter-tomcat-3.3.0.jar;C:\Users\seerangamani\.m2\repository\org\apache\tomcat\embed\tomcat-embed-core\10.1.24\tomcat-embed-core-10.1.24.jar;C:\Users\seerangamani\.m2\repository\org\apache\tomcat\embed\tomcat-embed-el\10.1.24\tomcat-embed-el-10.1.24.jar;C:\Users\seerangamani\.m2\repository\org\apache\tomcat\embed\tomcat-embed-websocket\10.1.24\tomcat-embed-websocket-10.1.24.jar;C:\Users\seerangamani\.m2\repository\org\springframework\spring-web\6.1.8\spring-web-6.1.8.jar;C:\Users\seerangamani\.m2\repository\io\micrometer\micrometer-observation\1.13.0\micrometer-observation-1.13.0.jar;C:\Users\seerangamani\.m2\repository\io\micrometer\micrometer-commons\1.13.0\micrometer-commons-1.13.0.jar;C:\Users\seerangamani\.m2\repository\org\springframework\spring-webmvc\6.1.8\spring-webmvc-6.1.8.jar;C:\Users\seerangamani\.m2\repository\org\springframework\spring-expression\6.1.8\spring-expression-6.1.8.jar;C:\Users\seerangamani\.m2\repository\org\springframework\boot\spring-boot-starter-security\3.3.0\spring-boot-starter-security-3.3.0.jar;C:\Users\seerangamani\.m2\repository\org\springframework\spring-aop\6.1.8\spring-aop-6.1.8.jar;C:\Users\seerangamani\.m2\repository\org\springframework\security\spring-security-config\6.3.0\spring-security-config-6.3.0.jar;C:\Users\seerangamani\.m2\repository\org\springframework\security\spring-security-core\6.3.0\spring-security-core-6.3.0.jar;C:\Users\seerangamani\.m2\repository\org\springframework\security\spring-security-crypto\6.3.0\spring-security-crypto-6.3.0.jar;C:\Users\seerangamani\.m2\repository\org\springframework\security\spring-security-web\6.3.0\spring-security-web-6.3.0.jar;C:\Users\seerangamani\.m2\repository\com\mysql\mysql-connector-j\8.3.0\mysql-connector-j-8.3.0.jar;C:\Users\seerangamani\.m2\repository\jakarta\xml\bind\jakarta.xml.bind-api\4.0.2\jakarta.xml.bind-api-4.0.2.jar;C:\Users\seerangamani\.m2\repository\jakarta\activation\jakarta.activation-api\2.1.3\jakarta.activation-api-2.1.3.jar;C:\Users\seerangamani\.m2\repository\org\springframework\spring-core\6.1.8\spring-core-6.1.8.jar;C:\Users\seerangamani\.m2\repository\org\springframework\spring-jcl\6.1.8\spring-jcl-6.1.8.jar
Launcher Type: SUN_STANDARD

[Global flags]
     intx CICompilerCount                          = 4                                         {product} {ergonomic}
     uint ConcGCThreads                            = 2                                         {product} {ergonomic}
     uint G1ConcRefinementThreads                  = 8                                         {product} {ergonomic}
   size_t G1HeapRegionSize                         = 2097152                                   {product} {ergonomic}
   size_t InitialHeapSize                          = 266338304                                 {product} {ergonomic}
   size_t MarkStackSize                            = 4194304                                   {product} {ergonomic}
   size_t MarkStackSizeMax                         = 536870912                                 {product} {ergonomic}
   size_t MaxHeapSize                              = 4253024256                                {product} {ergonomic}
   size_t MaxNewSize                               = 2550136832                                {product} {ergonomic}
   size_t MinHeapDeltaBytes                        = 2097152                                   {product} {ergonomic}
   size_t MinHeapSize                              = 8388608                                   {product} {ergonomic}
    uintx NonNMethodCodeHeapSize                   = 5832704                                {pd product} {ergonomic}
    uintx NonProfiledCodeHeapSize                  = 122945536                              {pd product} {ergonomic}
    uintx ProfiledCodeHeapSize                     = 122880000                              {pd product} {ergonomic}
    uintx ReservedCodeCacheSize                    = 251658240                              {pd product} {ergonomic}
     bool SegmentedCodeCache                       = true                                      {product} {ergonomic}
   size_t SoftMaxHeapSize                          = 4253024256                             {manageable} {ergonomic}
     bool UseCompressedOops                        = true                           {product lp64_product} {ergonomic}
     bool UseG1GC                                  = true                                      {product} {ergonomic}
     bool UseLargePagesIndividualAllocation        = false                                  {pd product} {ergonomic}

Logging:
Log output configuration:
 #0: stdout all=warning uptime,level,tags foldmultilines=false
 #1: stderr all=off uptime,level,tags foldmultilines=false

Environment Variables:
JAVA_HOME=C:\Program Files\Java\jdk-23
PATH=C:\Program Files\Common Files\Oracle\Java\javapath;C:\Windows\system32;C:\Windows;C:\Windows\System32\Wbem;C:\Windows\System32\WindowsPowerShell\v1.0\;C:\Windows\System32\OpenSSH\;C:\Program Files (x86)\NVIDIA Corporation\PhysX\Common;C:\Program Files\NVIDIA Corporation\NVIDIA NvDLISR;C:\WINDOWS\system32;C:\WINDOWS;C:\WINDOWS\System32\Wbem;C:\WINDOWS\System32\WindowsPowerShell\v1.0\;C:\WINDOWS\System32\OpenSSH\;C:\Program Files\Java\jdk-22\bin;C:\Program Files\Maven\apache-maven-3.9.9-bin\bin;E:\Downloads\php-8.4.3-nts-Win32-vs17-x64;C:\ProgramData\ComposerSetup\bin;C:\Users\seerangamani\AppData\Local\nvm;C:\nvm4w\nodejs;C:\Program Files\PuTTY\;C:\Program Files\Apache Software Foundation\apache-maven-3.9.9\bin;C:\Program Files\Java\jdk-23\bin;C:\Program Files\CMake\bin;C:\Program Files\MySQL\MySQL Shell 8.0\bin\;C:\Users\seerangamani\AppData\Local\Programs\Python\Python312\Scripts\;C:\Users\seerangamani\AppData\Local\Programs\Python\Python312\;C:\Users\seerangamani\AppData\Local\Microsoft\WindowsApps;C:\Users\seerangamani\AppData\Local\Programs\Microsoft VS Code\bin;C:\Program Files\Java\jdk1.8.0_202\bin;C:\Program Files\Java\jre1.8.0_202\bin;C:\Users\seerangamani\Desktop\SpaceFX;C:\php;C:\Users\seerangamani\AppData\Roaming\Composer;E:\Downloads\php-8.3.16-Win32-vs16-x64;C:\ProgramData\ComposerSetup\bin;C:\Users\seerangamani\AppData\Roaming\npm;C:\Users\seerangamani\AppData\Local\nvm;C:\nvm4w\nodejs;C:\xampp\mysql\bin;C:\xampp\php;
USERNAME=seerangamani
OS=Windows_NT
PROCESSOR_IDENTIFIER=Intel64 Family 6 Model 165 Stepping 2, GenuineIntel
TMP=C:\Users\SEERAN~1\AppData\Local\Temp
TEMP=C:\Users\SEERAN~1\AppData\Local\Temp




Periodic native trim disabled

---------------  S Y S T E M  ---------------

OS:
 Windows 11 , 64 bit Build 26100 (10.0.26100.4202)
OS uptime: 0 days 1:48 hours

CPU: total 8 (initial active 8) (4 cores per cpu, 2 threads per core) family 6 model 165 stepping 2 microcode 0xe0, cx8, cmov, fxsr, ht, mmx, 3dnowpref, sse, sse2, sse3, ssse3, sse4.1, sse4.2, popcnt, lzcnt, tsc, tscinvbit, avx, avx2, aes, erms, clmul, bmi1, bmi2, adx, fma, vzeroupper, clflush, clflushopt, rdtscp, f16c, pku
Processor Information for the first 8 processors :
  Max Mhz: 2496, Current Mhz: 2496, Mhz Limit: 2496

Memory: 4k page, system-wide physical 16221M (1270M free)
TotalPageFile size 22221M (AvailPageFile size 5M)
current process WorkingSet (physical memory assigned to process): 158M, peak: 158M
current process commit charge ("private bytes"): 402M, peak: 402M

vm_info: OpenJDK 64-Bit Server VM (23.0.2+7-58) for windows-amd64 JRE (23.0.2+7-58), built on 2024-11-29T09:34:55Z with MS VC++ 17.6 (VS2022)

END.
