#
# There is insufficient memory for the Java Runtime Environment to continue.
# Native memory allocation (mmap) failed to map 65536 bytes. Error detail: Failed to commit metaspace.
# Possible reasons:
#   The system is out of physical RAM or swap space
#   This process is running with CompressedOops enabled, and the Java Heap may be blocking the growth of the native heap
# Possible solutions:
#   Reduce memory load on the system
#   Increase physical memory or swap space
#   Check if swap backing store is full
#   Decrease Java heap size (-Xmx/-Xms)
#   Decrease number of Java threads
#   Decrease Java thread stack sizes (-Xss)
#   Set larger code cache with -XX:ReservedCodeCacheSize=
#   JVM is running with Zero Based Compressed Oops mode in which the Java heap is
#     placed in the first 32GB address space. The Java Heap base address is the
#     maximum limit for the native heap growth. Please use -XX:HeapBaseMinAddress
#     to set the Java Heap base and to place the Java Heap above 32GB virtual address.
# This output file may be truncated or incomplete.
#
#  Out of Memory Error (virtualSpaceNode.cpp:113), pid=15408, tid=14880
#
# JRE version: OpenJDK Runtime Environment (23.0.2+7) (build 23.0.2+7-58)
# Java VM: OpenJDK 64-Bit Server VM (23.0.2+7-58, mixed mode, sharing, tiered, compressed oops, compressed class ptrs, g1 gc, windows-amd64)
# No core dump will be written. Minidumps are not enabled by default on client versions of Windows
#

---------------  S U M M A R Y ------------

Command Line: -javaagent:C:\Program Files\JetBrains\IntelliJ IDEA Community Edition 2024.3\lib\idea_rt.jar=65052:C:\Program Files\JetBrains\IntelliJ IDEA Community Edition 2024.3\bin -Dfile.encoding=UTF-8 -Dsun.stdout.encoding=UTF-8 -Dsun.stderr.encoding=UTF-8 com.Attendance.BackEnd_Attendance.BackEndAttendanceApplication

Host: Intel(R) Core(TM) i5-10300H CPU @ 2.50GHz, 8 cores, 15G,  Windows 11 , 64 bit Build 22621 (10.0.22621.5413)
Time: Sun Jun  1 15:54:10 2025 India Standard Time elapsed time: 0.710998 seconds (0d 0h 0m 0s)

---------------  T H R E A D  ---------------

Current thread (0x0000028ee3bfbf80):  JavaThread "main"             [_thread_in_vm, id=14880, stack(0x0000009256d00000,0x0000009256e00000) (1024K)]

Stack: [0x0000009256d00000,0x0000009256e00000]
Native frames: (J=compiled Java code, j=interpreted, Vv=VM code, C=native code)
V  [jvm.dll+0x6e0b99]  (no source info available)
V  [jvm.dll+0x87e2b3]  (no source info available)
V  [jvm.dll+0x88073e]  (no source info available)
V  [jvm.dll+0x880e13]  (no source info available)
V  [jvm.dll+0x27b006]  (no source info available)
V  [jvm.dll+0x879ebe]  (no source info available)
V  [jvm.dll+0x6822f5]  (no source info available)
V  [jvm.dll+0x68235a]  (no source info available)
V  [jvm.dll+0x684b9a]  (no source info available)
V  [jvm.dll+0x221aec]  (no source info available)
V  [jvm.dll+0x682d0e]  (no source info available)
V  [jvm.dll+0x26519f]  (no source info available)
V  [jvm.dll+0x68d0a4]  (no source info available)
V  [jvm.dll+0x2120f1]  (no source info available)
V  [jvm.dll+0x21255a]  (no source info available)
V  [jvm.dll+0x212f81]  (no source info available)
V  [jvm.dll+0x20822e]  (no source info available)
V  [jvm.dll+0x5be93f]  (no source info available)
V  [jvm.dll+0x219c3b]  (no source info available)
V  [jvm.dll+0x7f3670]  (no source info available)
V  [jvm.dll+0x7f4716]  (no source info available)
V  [jvm.dll+0x7f4f40]  (no source info available)
V  [jvm.dll+0x21337c]  (no source info available)
V  [jvm.dll+0x208247]  (no source info available)
V  [jvm.dll+0x5be93f]  (no source info available)
V  [jvm.dll+0x219c3b]  (no source info available)
V  [jvm.dll+0x7f3670]  (no source info available)
V  [jvm.dll+0x7f4716]  (no source info available)
V  [jvm.dll+0x7f4d24]  (no source info available)
V  [jvm.dll+0x7f49a8]  (no source info available)
V  [jvm.dll+0x268acb]  (no source info available)
V  [jvm.dll+0x3d202e]  (no source info available)
C  0x0000028ef5bfb00c  (no source info available)

The last pc belongs to new (printed below).
Java frames: (J=compiled Java code, j=interpreted, Vv=VM code)
j  java.util.stream.ReferencePipeline.wrap(Ljava/util/stream/PipelineHelper;Ljava/util/function/Supplier;Z)Ljava/util/Spliterator;+0 java.base@23.0.2
j  java.util.stream.AbstractPipeline.spliterator()Ljava/util/Spliterator;+112 java.base@23.0.2
j  java.util.stream.ReferencePipeline.iterator()Ljava/util/Iterator;+1 java.base@23.0.2
j  org.springframework.boot.context.properties.source.IterableConfigurationPropertySource.iterator()Ljava/util/Iterator;+6
j  org.springframework.boot.context.properties.bind.IndexedElementsBinder.getKnownIndexedChildren(Lorg/springframework/boot/context/properties/source/ConfigurationPropertySource;Lorg/springframework/boot/context/properties/source/ConfigurationPropertyName;)Lorg/springframework/util/MultiValueMap;+44
j  org.springframework.boot.context.properties.bind.IndexedElementsBinder.bindIndexed(Lorg/springframework/boot/context/properties/source/ConfigurationPropertySource;Lorg/springframework/boot/context/properties/source/ConfigurationPropertyName;Lorg/springframework/boot/context/properties/bind/AggregateElementBinder;Lorg/springframework/boot/context/properties/bind/IndexedElementsBinder$IndexedCollectionSupplier;Lorg/springframework/core/ResolvableType;)V+3
j  org.springframework.boot.context.properties.bind.IndexedElementsBinder.bindIndexed(Lorg/springframework/boot/context/properties/source/ConfigurationPropertySource;Lorg/springframework/boot/context/properties/source/ConfigurationPropertyName;Lorg/springframework/boot/context/properties/bind/Bindable;Lorg/springframework/boot/context/properties/bind/AggregateElementBinder;Lorg/springframework/boot/context/properties/bind/IndexedElementsBinder$IndexedCollectionSupplier;Lorg/springframework/core/ResolvableType;Lorg/springframework/core/ResolvableType;)V+57
j  org.springframework.boot.context.properties.bind.IndexedElementsBinder.bindIndexed(Lorg/springframework/boot/context/properties/source/ConfigurationPropertyName;Lorg/springframework/boot/context/properties/bind/Bindable;Lorg/springframework/boot/context/properties/bind/AggregateElementBinder;Lorg/springframework/core/ResolvableType;Lorg/springframework/core/ResolvableType;Lorg/springframework/boot/context/properties/bind/IndexedElementsBinder$IndexedCollectionSupplier;)V+48
j  org.springframework.boot.context.properties.bind.ArrayBinder.bindAggregate(Lorg/springframework/boot/context/properties/source/ConfigurationPropertyName;Lorg/springframework/boot/context/properties/bind/Bindable;Lorg/springframework/boot/context/properties/bind/AggregateElementBinder;)Ljava/lang/Object;+39
j  org.springframework.boot.context.properties.bind.AggregateBinder.bind(Lorg/springframework/boot/context/properties/source/ConfigurationPropertyName;Lorg/springframework/boot/context/properties/bind/Bindable;Lorg/springframework/boot/context/properties/bind/AggregateElementBinder;)Ljava/lang/Object;+4
j  org.springframework.boot.context.properties.bind.Binder.lambda$bindAggregate$4(Lorg/springframework/boot/context/properties/bind/AggregateBinder;Lorg/springframework/boot/context/properties/source/ConfigurationPropertyName;Lorg/springframework/boot/context/properties/bind/Bindable;Lorg/springframework/boot/context/properties/bind/AggregateElementBinder;)Ljava/lang/Object;+4
j  org.springframework.boot.context.properties.bind.Binder$$Lambda+0x0000028e8710cf80.get()Ljava/lang/Object;+16
j  org.springframework.boot.context.properties.bind.Binder$Context.withIncreasedDepth(Ljava/util/function/Supplier;)Ljava/lang/Object;+5
j  org.springframework.boot.context.properties.bind.Binder.bindAggregate(Lorg/springframework/boot/context/properties/source/ConfigurationPropertyName;Lorg/springframework/boot/context/properties/bind/Bindable;Lorg/springframework/boot/context/properties/bind/BindHandler;Lorg/springframework/boot/context/properties/bind/Binder$Context;Lorg/springframework/boot/context/properties/bind/AggregateBinder;)Ljava/lang/Object;+26
j  org.springframework.boot.context.properties.bind.Binder.bindObject(Lorg/springframework/boot/context/properties/source/ConfigurationPropertyName;Lorg/springframework/boot/context/properties/bind/Bindable;Lorg/springframework/boot/context/properties/bind/BindHandler;Lorg/springframework/boot/context/properties/bind/Binder$Context;Z)Ljava/lang/Object;+60
j  org.springframework.boot.context.properties.bind.Binder.bind(Lorg/springframework/boot/context/properties/source/ConfigurationPropertyName;Lorg/springframework/boot/context/properties/bind/Bindable;Lorg/springframework/boot/context/properties/bind/BindHandler;Lorg/springframework/boot/context/properties/bind/Binder$Context;ZZ)Ljava/lang/Object;+41
j  org.springframework.boot.context.properties.bind.Binder.bind(Lorg/springframework/boot/context/properties/source/ConfigurationPropertyName;Lorg/springframework/boot/context/properties/bind/Bindable;Lorg/springframework/boot/context/properties/bind/BindHandler;Z)Ljava/lang/Object;+44
j  org.springframework.boot.context.properties.bind.Binder.bind(Lorg/springframework/boot/context/properties/source/ConfigurationPropertyName;Lorg/springframework/boot/context/properties/bind/Bindable;Lorg/springframework/boot/context/properties/bind/BindHandler;)Lorg/springframework/boot/context/properties/bind/BindResult;+5
j  org.springframework.boot.context.properties.bind.Binder.bind(Ljava/lang/String;Lorg/springframework/boot/context/properties/bind/Bindable;)Lorg/springframework/boot/context/properties/bind/BindResult;+7
j  org.springframework.boot.context.properties.bind.Binder.bind(Ljava/lang/String;Ljava/lang/Class;)Lorg/springframework/boot/context/properties/bind/BindResult;+6
j  org.springframework.boot.context.config.StandardConfigDataLocationResolver.getConfigNames(Lorg/springframework/boot/context/properties/bind/Binder;)[Ljava/lang/String;+5
j  org.springframework.boot.context.config.StandardConfigDataLocationResolver.<init>(Lorg/springframework/boot/logging/DeferredLogFactory;Lorg/springframework/boot/context/properties/bind/Binder;Lorg/springframework/core/io/ResourceLoader;)V+35
j  java.lang.invoke.DirectMethodHandle$Holder.newInvokeSpecial(Ljava/lang/Object;Ljava/lang/Object;Ljava/lang/Object;Ljava/lang/Object;)Ljava/lang/Object;+22 java.base@23.0.2
j  java.lang.invoke.LambdaForm$MH+0x0000028e87109400.invoke(Ljava/lang/Object;Ljava/lang/Object;Ljava/lang/Object;Ljava/lang/Object;)Ljava/lang/Object;+73 java.base@23.0.2
j  java.lang.invoke.LambdaForm$MH+0x0000028e87002400.invokeExact_MT(Ljava/lang/Object;Ljava/lang/Object;Ljava/lang/Object;Ljava/lang/Object;Ljava/lang/Object;)Ljava/lang/Object;+22 java.base@23.0.2
j  jdk.internal.reflect.DirectConstructorHandleAccessor.invokeImpl([Ljava/lang/Object;)Ljava/lang/Object;+88 java.base@23.0.2
j  jdk.internal.reflect.DirectConstructorHandleAccessor.newInstance([Ljava/lang/Object;)Ljava/lang/Object;+60 java.base@23.0.2
j  java.lang.reflect.Constructor.newInstanceWithCaller([Ljava/lang/Object;ZLjava/lang/Class;)Ljava/lang/Object;+41 java.base@23.0.2
j  java.lang.reflect.Constructor.newInstance([Ljava/lang/Object;)Ljava/lang/Object;+30 java.base@23.0.2
j  org.springframework.core.io.support.SpringFactoriesLoader$FactoryInstantiator.instantiate(Lorg/springframework/core/io/support/SpringFactoriesLoader$ArgumentResolver;)Ljava/lang/Object;+33
j  org.springframework.core.io.support.SpringFactoriesLoader.instantiateFactory(Ljava/lang/String;Ljava/lang/Class;Lorg/springframework/core/io/support/SpringFactoriesLoader$ArgumentResolver;Lorg/springframework/core/io/support/SpringFactoriesLoader$FailureHandler;)Ljava/lang/Object;+36
j  org.springframework.core.io.support.SpringFactoriesLoader.load(Ljava/lang/Class;Lorg/springframework/core/io/support/SpringFactoriesLoader$ArgumentResolver;Lorg/springframework/core/io/support/SpringFactoriesLoader$FailureHandler;)Ljava/util/List;+99
j  org.springframework.core.io.support.SpringFactoriesLoader.load(Ljava/lang/Class;Lorg/springframework/core/io/support/SpringFactoriesLoader$ArgumentResolver;)Ljava/util/List;+4
j  org.springframework.boot.context.config.ConfigDataLocationResolvers.<init>(Lorg/springframework/boot/logging/DeferredLogFactory;Lorg/springframework/boot/ConfigurableBootstrapContext;Lorg/springframework/boot/context/properties/bind/Binder;Lorg/springframework/core/io/ResourceLoader;Lorg/springframework/core/io/support/SpringFactoriesLoader;)V+97
j  org.springframework.boot.context.config.ConfigDataEnvironment.createConfigDataLocationResolvers(Lorg/springframework/boot/logging/DeferredLogFactory;Lorg/springframework/boot/ConfigurableBootstrapContext;Lorg/springframework/boot/context/properties/bind/Binder;Lorg/springframework/core/io/ResourceLoader;)Lorg/springframework/boot/context/config/ConfigDataLocationResolvers;+19
j  org.springframework.boot.context.config.ConfigDataEnvironment.<init>(Lorg/springframework/boot/logging/DeferredLogFactory;Lorg/springframework/boot/ConfigurableBootstrapContext;Lorg/springframework/core/env/ConfigurableEnvironment;Lorg/springframework/core/io/ResourceLoader;Ljava/util/Collection;Lorg/springframework/boot/context/config/ConfigDataEnvironmentUpdateListener;)V+69
j  org.springframework.boot.context.config.ConfigDataEnvironmentPostProcessor.getConfigDataEnvironment(Lorg/springframework/core/env/ConfigurableEnvironment;Lorg/springframework/core/io/ResourceLoader;Ljava/util/Collection;)Lorg/springframework/boot/context/config/ConfigDataEnvironment;+19
j  org.springframework.boot.context.config.ConfigDataEnvironmentPostProcessor.postProcessEnvironment(Lorg/springframework/core/env/ConfigurableEnvironment;Lorg/springframework/core/io/ResourceLoader;Ljava/util/Collection;)V+31
j  org.springframework.boot.context.config.ConfigDataEnvironmentPostProcessor.postProcessEnvironment(Lorg/springframework/core/env/ConfigurableEnvironment;Lorg/springframework/boot/SpringApplication;)V+10
j  org.springframework.boot.env.EnvironmentPostProcessorApplicationListener.onApplicationEnvironmentPreparedEvent(Lorg/springframework/boot/context/event/ApplicationEnvironmentPreparedEvent;)V+55
j  org.springframework.boot.env.EnvironmentPostProcessorApplicationListener.onApplicationEvent(Lorg/springframework/context/ApplicationEvent;)V+14
j  org.springframework.context.event.SimpleApplicationEventMulticaster.doInvokeListener(Lorg/springframework/context/ApplicationListener;Lorg/springframework/context/ApplicationEvent;)V+2
j  org.springframework.context.event.SimpleApplicationEventMulticaster.invokeListener(Lorg/springframework/context/ApplicationListener;Lorg/springframework/context/ApplicationEvent;)V+34
j  org.springframework.context.event.SimpleApplicationEventMulticaster.multicastEvent(Lorg/springframework/context/ApplicationEvent;Lorg/springframework/core/ResolvableType;)V+104
j  org.springframework.context.event.SimpleApplicationEventMulticaster.multicastEvent(Lorg/springframework/context/ApplicationEvent;)V+3
j  org.springframework.boot.context.event.EventPublishingRunListener.multicastInitialEvent(Lorg/springframework/context/ApplicationEvent;)V+9
j  org.springframework.boot.context.event.EventPublishingRunListener.environmentPrepared(Lorg/springframework/boot/ConfigurableBootstrapContext;Lorg/springframework/core/env/ConfigurableEnvironment;)V+18
j  org.springframework.boot.SpringApplicationRunListeners.lambda$environmentPrepared$2(Lorg/springframework/boot/ConfigurableBootstrapContext;Lorg/springframework/core/env/ConfigurableEnvironment;Lorg/springframework/boot/SpringApplicationRunListener;)V+3
j  org.springframework.boot.SpringApplicationRunListeners$$Lambda+0x0000028e870f1c90.accept(Ljava/lang/Object;)V+12
j  java.lang.Iterable.forEach(Ljava/util/function/Consumer;)V+30 java.base@23.0.2
j  org.springframework.boot.SpringApplicationRunListeners.doWithListeners(Ljava/lang/String;Ljava/util/function/Consumer;Ljava/util/function/Consumer;)V+17
j  org.springframework.boot.SpringApplicationRunListeners.doWithListeners(Ljava/lang/String;Ljava/util/function/Consumer;)V+4
j  org.springframework.boot.SpringApplicationRunListeners.environmentPrepared(Lorg/springframework/boot/ConfigurableBootstrapContext;Lorg/springframework/core/env/ConfigurableEnvironment;)V+10
j  org.springframework.boot.SpringApplication.prepareEnvironment(Lorg/springframework/boot/SpringApplicationRunListeners;Lorg/springframework/boot/DefaultBootstrapContext;Lorg/springframework/boot/ApplicationArguments;)Lorg/springframework/core/env/ConfigurableEnvironment;+27
j  org.springframework.boot.SpringApplication.run([Ljava/lang/String;)Lorg/springframework/context/ConfigurableApplicationContext;+62
j  org.springframework.boot.SpringApplication.run([Ljava/lang/Class;[Ljava/lang/String;)Lorg/springframework/context/ConfigurableApplicationContext;+9
j  org.springframework.boot.SpringApplication.run(Ljava/lang/Class;[Ljava/lang/String;)Lorg/springframework/context/ConfigurableApplicationContext;+9
j  com.Attendance.BackEnd_Attendance.BackEndAttendanceApplication.main([Ljava/lang/String;)V+3
v  ~StubRoutines::call_stub 0x0000028ef5be0fcd
Lock stack of current Java thread (top to bottom):

new  187 new  [0x0000028ef5bfae80, 0x0000028ef5bfb090]  528 bytes
[MachCode]
  0x0000028ef5bfae80: 4883 ec08 | c5fa 1104 | 24eb 1f48 | 83ec 10c5 | fb11 0424 | eb14 4883 | ec10 4889 | 0424 48c7 
  0x0000028ef5bfaea0: 4424 0800 | 0000 00eb | 0150 410f | b755 010f | cac1 ea10 | 488b 4de8 | 488b 4908 | 488b 4908 
  0x0000028ef5bfaec0: 488b 4108 | 807c 1004 | 070f 85e0 | 0000 0066 | 8b54 d148 | 488b 4928 | 488b 4cd1 | 0851 80b9 
  0x0000028ef5bfaee0: 3101 0000 | 040f 840d | 0000 004c | 3bb9 3801 | 0000 0f85 | b600 0000 | 8b51 08f6 | c201 0f85 
  0x0000028ef5bfaf00: aa00 0000 | 498b 87b8 | 0100 0048 | 8d1c 1049 | 3b9f c801 | 0000 0f87 | 9200 0000 | 4989 9fb8 
  0x0000028ef5bfaf20: 0100 0048 | 83ea 100f | 840f 0000 | 0033 c9c1 | ea03 4889 | 4cd0 0848 | ffca 75f6 | 48c7 0001 
  0x0000028ef5bfaf40: 0000 0059 | 33f6 8970 | 0c49 ba00 | 0000 868e | 0200 0049 | 2bca 8948 | 0849 ba42 | bd8a 97f9 
  0x0000028ef5bfaf60: 7f00 0041 | 803a 000f | 843c 0000 | 0050 488b | c848 83ec | 2040 f6c4 | 0f0f 8419 | 0000 0048 
  0x0000028ef5bfaf80: 83ec 0848 | b830 f13a | 97f9 7f00 | 00ff d048 | 83c4 08e9 | 0c00 0000 | 48b8 30f1 | 3a97 f97f 
  0x0000028ef5bfafa0: 0000 ffd0 | 4883 c420 | 58e9 cb00 | 0000 5948 | 8b55 e848 | 8b52 0848 | 8b52 0845 | 0fb7 4501 
  0x0000028ef5bfafc0: 410f c841 | c1e8 10e8 | 0500 0000 | e9a8 0000 | 0048 8d44 | 2408 4c89 | 6dc0 498b | cfc5 f877 
  0x0000028ef5bfafe0: 4989 afb0 | 0300 0049 | 8987 a003 | 0000 4883 | ec20 40f6 | c40f 0f84 | 1900 0000 | 4883 ec08 
  0x0000028ef5bfb000: 48b8 e01f | 0397 f97f | 0000 ffd0 | 4883 c408 | e90c 0000 | 0048 b8e0 | 1f03 97f9 | 7f00 00ff 
  0x0000028ef5bfb020: d048 83c4 | 2049 c787 | a003 0000 | 0000 0000 | 49c7 87b0 | 0300 0000 | 0000 0049 | c787 a803 
  0x0000028ef5bfb040: 0000 0000 | 0000 c5f8 | 7749 837f | 0800 0f84 | 0500 0000 | e967 5efe | ff49 8b87 | f803 0000 
  0x0000028ef5bfb060: 49c7 87f8 | 0300 0000 | 0000 004c | 8b6d c04c | 8b75 c84e | 8d74 f500 | c341 0fb6 | 5d03 4983 
  0x0000028ef5bfb080: c503 49ba | d085 8e97 | f97f 0000 | 41ff 24da 
[/MachCode]

---------------  P R O C E S S  ---------------

Threads class SMR info:
_java_thread_list=0x0000028ecb4c12a0, length=14, elements={
0x0000028ee3bfbf80, 0x0000028eff51de50, 0x0000028eff520180, 0x0000028eff521430,
0x0000028eff526150, 0x0000028eff526f00, 0x0000028eff52f970, 0x0000028eff552720,
0x0000028ecb018050, 0x0000028ecb0fcba0, 0x0000028ecb128f90, 0x0000028ecb2c0920,
0x0000028ecb4c1a60, 0x0000028ecb64a650
}

Java Threads: ( => current thread )
=>0x0000028ee3bfbf80 JavaThread "main"                              [_thread_in_vm, id=14880, stack(0x0000009256d00000,0x0000009256e00000) (1024K)]
  0x0000028eff51de50 JavaThread "Reference Handler"          daemon [_thread_blocked, id=18300, stack(0x0000009257500000,0x0000009257600000) (1024K)]
  0x0000028eff520180 JavaThread "Finalizer"                  daemon [_thread_blocked, id=1496, stack(0x0000009257600000,0x0000009257700000) (1024K)]
  0x0000028eff521430 JavaThread "Signal Dispatcher"          daemon [_thread_blocked, id=13308, stack(0x0000009257700000,0x0000009257800000) (1024K)]
  0x0000028eff526150 JavaThread "Attach Listener"            daemon [_thread_blocked, id=19896, stack(0x0000009257800000,0x0000009257900000) (1024K)]
  0x0000028eff526f00 JavaThread "Service Thread"             daemon [_thread_blocked, id=15796, stack(0x0000009257900000,0x0000009257a00000) (1024K)]
  0x0000028eff52f970 JavaThread "Monitor Deflation Thread"   daemon [_thread_blocked, id=2728, stack(0x0000009257a00000,0x0000009257b00000) (1024K)]
  0x0000028eff552720 JavaThread "C2 CompilerThread0"         daemon [_thread_blocked, id=20416, stack(0x0000009257b00000,0x0000009257c00000) (1024K)]
  0x0000028ecb018050 JavaThread "C1 CompilerThread0"         daemon [_thread_blocked, id=9820, stack(0x0000009257c00000,0x0000009257d00000) (1024K)]
  0x0000028ecb0fcba0 JavaThread "Common-Cleaner"             daemon [_thread_blocked, id=14932, stack(0x0000009257d00000,0x0000009257e00000) (1024K)]
  0x0000028ecb128f90 JavaThread "C2 CompilerThread1"         daemon [_thread_blocked, id=15324, stack(0x0000009257e00000,0x0000009257f00000) (1024K)]
  0x0000028ecb2c0920 JavaThread "C2 CompilerThread2"         daemon [_thread_blocked, id=18272, stack(0x0000009257f00000,0x0000009258000000) (1024K)]
  0x0000028ecb4c1a60 JavaThread "Monitor Ctrl-Break"         daemon [_thread_in_native, id=7224, stack(0x0000009258000000,0x0000009258100000) (1024K)]
  0x0000028ecb64a650 JavaThread "Notification Thread"        daemon [_thread_blocked, id=11116, stack(0x0000009258100000,0x0000009258200000) (1024K)]
Total: 14

Other Threads:
  0x0000028eff506600 VMThread "VM Thread"                           [id=16520, stack(0x0000009257400000,0x0000009257500000) (1024K)]
  0x0000028eff4f2800 WatcherThread "VM Periodic Task Thread"        [id=14032, stack(0x0000009257300000,0x0000009257400000) (1024K)]
  0x0000028ee5ff0c30 WorkerThread "GC Thread#0"                     [id=11188, stack(0x0000009256e00000,0x0000009256f00000) (1024K)]
  0x0000028ecbd6d380 WorkerThread "GC Thread#1"                     [id=9696, stack(0x0000009258200000,0x0000009258300000) (1024K)]
  0x0000028ecbd73830 WorkerThread "GC Thread#2"                     [id=15256, stack(0x0000009258300000,0x0000009258400000) (1024K)]
  0x0000028ecbd73be0 WorkerThread "GC Thread#3"                     [id=17472, stack(0x0000009258400000,0x0000009258500000) (1024K)]
  0x0000028ecbd73f90 WorkerThread "GC Thread#4"                     [id=3292, stack(0x0000009258500000,0x0000009258600000) (1024K)]
  0x0000028ecbd747c0 WorkerThread "GC Thread#5"                     [id=19652, stack(0x0000009258600000,0x0000009258700000) (1024K)]
  0x0000028ecbdc0be0 WorkerThread "GC Thread#6"                     [id=15892, stack(0x0000009258700000,0x0000009258800000) (1024K)]
  0x0000028ee3cbdbc0 ConcurrentGCThread "G1 Main Marker"            [id=8300, stack(0x0000009256f00000,0x0000009257000000) (1024K)]
  0x0000028ee6005f10 WorkerThread "G1 Conc#0"                       [id=12812, stack(0x0000009257000000,0x0000009257100000) (1024K)]
  0x0000028ee603ea90 ConcurrentGCThread "G1 Refine#0"               [id=19792, stack(0x0000009257100000,0x0000009257200000) (1024K)]
  0x0000028eff3c7870 ConcurrentGCThread "G1 Service"                [id=19252, stack(0x0000009257200000,0x0000009257300000) (1024K)]
Total: 13

Threads with active compile tasks:
Total: 0

VM state: not at safepoint (normal execution)

VM Mutex/Monitor currently owned by a thread:  ([mutex/lock_event])
[0x00007ff9978d2888] Metaspace_lock - owner thread: 0x0000028ee3bfbf80

Heap address: 0x0000000702800000, size: 4056 MB, Compressed Oops mode: Zero based, Oop shift amount: 3

CDS archive(s) mapped at: [0x0000028e86000000-0x0000028e86d70000-0x0000028e86d70000), size 14090240, SharedBaseAddress: 0x0000028e86000000, ArchiveRelocationMode: 1.
Compressed class space mapped at: 0x0000028e87000000-0x0000028ec7000000, reserved size: 1073741824
Narrow klass base: 0x0000028e86000000, Narrow klass shift: 0, Narrow klass range: 0x41000000

GC Precious Log:
 CardTable entry size: 512
 Card Set container configuration: InlinePtr #cards 4 size 8 Array Of Cards #cards 16 size 48 Howl #buckets 8 coarsen threshold 3686 Howl Bitmap #cards 512 size 80 coarsen threshold 460 Card regions per heap region 1 cards per card region 4096
 CPUs: 8 total, 8 available
 Memory: 16221M
 Large Page Support: Disabled
 NUMA Support: Disabled
 Compressed Oops: Enabled (Zero based)
 Heap Region Size: 2M
 Heap Min Capacity: 8M
 Heap Initial Capacity: 254M
 Heap Max Capacity: 4056M
 Pre-touch: Disabled
 Parallel Workers: 8
 Concurrent Workers: 2
 Concurrent Refinement Workers: 8
 Periodic GC: Disabled

Heap:
 garbage-first heap   total reserved 4153344K, committed 260096K, used 6922K [0x0000000702800000, 0x0000000800000000)
  region size 2048K, 3 young (6144K), 2 survivors (4096K)
 Metaspace       used 6980K, committed 7168K, reserved 1114112K
  class space    used 850K, committed 960K, reserved 1048576K

Heap Regions: E=young(eden), S=young(survivor), O=old, HS=humongous(starts), HC=humongous(continues), CS=collection set, F=free, TAMS=top-at-mark-start, PB=parsable bottom
|   0|0x0000000702800000, 0x0000000702a00000, 0x0000000702a00000|100%| O|  |TAMS 0x0000000702800000| PB 0x0000000702800000| Untracked |  0
|   1|0x0000000702a00000, 0x0000000702ac29e8, 0x0000000702c00000| 38%| O|  |TAMS 0x0000000702a00000| PB 0x0000000702a00000| Untracked |  0
|   2|0x0000000702c00000, 0x0000000702c00000, 0x0000000702e00000|  0%| F|  |TAMS 0x0000000702c00000| PB 0x0000000702c00000| Untracked |  0
|   3|0x0000000702e00000, 0x0000000702e00000, 0x0000000703000000|  0%| F|  |TAMS 0x0000000702e00000| PB 0x0000000702e00000| Untracked |  0
|   4|0x0000000703000000, 0x0000000703000000, 0x0000000703200000|  0%| F|  |TAMS 0x0000000703000000| PB 0x0000000703000000| Untracked |  0
|   5|0x0000000703200000, 0x0000000703200000, 0x0000000703400000|  0%| F|  |TAMS 0x0000000703200000| PB 0x0000000703200000| Untracked |  0
|   6|0x0000000703400000, 0x0000000703400000, 0x0000000703600000|  0%| F|  |TAMS 0x0000000703400000| PB 0x0000000703400000| Untracked |  0
|   7|0x0000000703600000, 0x0000000703600000, 0x0000000703800000|  0%| F|  |TAMS 0x0000000703600000| PB 0x0000000703600000| Untracked |  0
|   8|0x0000000703800000, 0x0000000703800000, 0x0000000703a00000|  0%| F|  |TAMS 0x0000000703800000| PB 0x0000000703800000| Untracked |  0
|   9|0x0000000703a00000, 0x0000000703a00000, 0x0000000703c00000|  0%| F|  |TAMS 0x0000000703a00000| PB 0x0000000703a00000| Untracked |  0
|  10|0x0000000703c00000, 0x0000000703c00000, 0x0000000703e00000|  0%| F|  |TAMS 0x0000000703c00000| PB 0x0000000703c00000| Untracked |  0
|  11|0x0000000703e00000, 0x0000000703e00000, 0x0000000704000000|  0%| F|  |TAMS 0x0000000703e00000| PB 0x0000000703e00000| Untracked |  0
|  12|0x0000000704000000, 0x0000000704000000, 0x0000000704200000|  0%| F|  |TAMS 0x0000000704000000| PB 0x0000000704000000| Untracked |  0
|  13|0x0000000704200000, 0x0000000704200000, 0x0000000704400000|  0%| F|  |TAMS 0x0000000704200000| PB 0x0000000704200000| Untracked |  0
|  14|0x0000000704400000, 0x0000000704400000, 0x0000000704600000|  0%| F|  |TAMS 0x0000000704400000| PB 0x0000000704400000| Untracked |  0
|  15|0x0000000704600000, 0x0000000704600000, 0x0000000704800000|  0%| F|  |TAMS 0x0000000704600000| PB 0x0000000704600000| Untracked |  0
|  16|0x0000000704800000, 0x0000000704800000, 0x0000000704a00000|  0%| F|  |TAMS 0x0000000704800000| PB 0x0000000704800000| Untracked |  0
|  17|0x0000000704a00000, 0x0000000704a00000, 0x0000000704c00000|  0%| F|  |TAMS 0x0000000704a00000| PB 0x0000000704a00000| Untracked |  0
|  18|0x0000000704c00000, 0x0000000704c00000, 0x0000000704e00000|  0%| F|  |TAMS 0x0000000704c00000| PB 0x0000000704c00000| Untracked |  0
|  19|0x0000000704e00000, 0x0000000704e00000, 0x0000000705000000|  0%| F|  |TAMS 0x0000000704e00000| PB 0x0000000704e00000| Untracked |  0
|  20|0x0000000705000000, 0x0000000705000000, 0x0000000705200000|  0%| F|  |TAMS 0x0000000705000000| PB 0x0000000705000000| Untracked |  0
|  21|0x0000000705200000, 0x0000000705200000, 0x0000000705400000|  0%| F|  |TAMS 0x0000000705200000| PB 0x0000000705200000| Untracked |  0
|  22|0x0000000705400000, 0x0000000705400000, 0x0000000705600000|  0%| F|  |TAMS 0x0000000705400000| PB 0x0000000705400000| Untracked |  0
|  23|0x0000000705600000, 0x0000000705600000, 0x0000000705800000|  0%| F|  |TAMS 0x0000000705600000| PB 0x0000000705600000| Untracked |  0
|  24|0x0000000705800000, 0x0000000705800000, 0x0000000705a00000|  0%| F|  |TAMS 0x0000000705800000| PB 0x0000000705800000| Untracked |  0
|  25|0x0000000705a00000, 0x0000000705a00000, 0x0000000705c00000|  0%| F|  |TAMS 0x0000000705a00000| PB 0x0000000705a00000| Untracked |  0
|  26|0x0000000705c00000, 0x0000000705c00000, 0x0000000705e00000|  0%| F|  |TAMS 0x0000000705c00000| PB 0x0000000705c00000| Untracked |  0
|  27|0x0000000705e00000, 0x0000000705e00000, 0x0000000706000000|  0%| F|  |TAMS 0x0000000705e00000| PB 0x0000000705e00000| Untracked |  0
|  28|0x0000000706000000, 0x0000000706000000, 0x0000000706200000|  0%| F|  |TAMS 0x0000000706000000| PB 0x0000000706000000| Untracked |  0
|  29|0x0000000706200000, 0x0000000706200000, 0x0000000706400000|  0%| F|  |TAMS 0x0000000706200000| PB 0x0000000706200000| Untracked |  0
|  30|0x0000000706400000, 0x0000000706400000, 0x0000000706600000|  0%| F|  |TAMS 0x0000000706400000| PB 0x0000000706400000| Untracked |  0
|  31|0x0000000706600000, 0x0000000706600000, 0x0000000706800000|  0%| F|  |TAMS 0x0000000706600000| PB 0x0000000706600000| Untracked |  0
|  32|0x0000000706800000, 0x0000000706800000, 0x0000000706a00000|  0%| F|  |TAMS 0x0000000706800000| PB 0x0000000706800000| Untracked |  0
|  33|0x0000000706a00000, 0x0000000706a00000, 0x0000000706c00000|  0%| F|  |TAMS 0x0000000706a00000| PB 0x0000000706a00000| Untracked |  0
|  34|0x0000000706c00000, 0x0000000706c00000, 0x0000000706e00000|  0%| F|  |TAMS 0x0000000706c00000| PB 0x0000000706c00000| Untracked |  0
|  35|0x0000000706e00000, 0x0000000706e00000, 0x0000000707000000|  0%| F|  |TAMS 0x0000000706e00000| PB 0x0000000706e00000| Untracked |  0
|  36|0x0000000707000000, 0x0000000707000000, 0x0000000707200000|  0%| F|  |TAMS 0x0000000707000000| PB 0x0000000707000000| Untracked |  0
|  37|0x0000000707200000, 0x0000000707200000, 0x0000000707400000|  0%| F|  |TAMS 0x0000000707200000| PB 0x0000000707200000| Untracked |  0
|  38|0x0000000707400000, 0x0000000707400000, 0x0000000707600000|  0%| F|  |TAMS 0x0000000707400000| PB 0x0000000707400000| Untracked |  0
|  39|0x0000000707600000, 0x0000000707600000, 0x0000000707800000|  0%| F|  |TAMS 0x0000000707600000| PB 0x0000000707600000| Untracked |  0
|  40|0x0000000707800000, 0x0000000707800000, 0x0000000707a00000|  0%| F|  |TAMS 0x0000000707800000| PB 0x0000000707800000| Untracked |  0
|  41|0x0000000707a00000, 0x0000000707a00000, 0x0000000707c00000|  0%| F|  |TAMS 0x0000000707a00000| PB 0x0000000707a00000| Untracked |  0
|  42|0x0000000707c00000, 0x0000000707c00000, 0x0000000707e00000|  0%| F|  |TAMS 0x0000000707c00000| PB 0x0000000707c00000| Untracked |  0
|  43|0x0000000707e00000, 0x0000000707e00000, 0x0000000708000000|  0%| F|  |TAMS 0x0000000707e00000| PB 0x0000000707e00000| Untracked |  0
|  44|0x0000000708000000, 0x0000000708000000, 0x0000000708200000|  0%| F|  |TAMS 0x0000000708000000| PB 0x0000000708000000| Untracked |  0
|  45|0x0000000708200000, 0x0000000708200000, 0x0000000708400000|  0%| F|  |TAMS 0x0000000708200000| PB 0x0000000708200000| Untracked |  0
|  46|0x0000000708400000, 0x0000000708400000, 0x0000000708600000|  0%| F|  |TAMS 0x0000000708400000| PB 0x0000000708400000| Untracked |  0
|  47|0x0000000708600000, 0x0000000708600000, 0x0000000708800000|  0%| F|  |TAMS 0x0000000708600000| PB 0x0000000708600000| Untracked |  0
|  48|0x0000000708800000, 0x0000000708800000, 0x0000000708a00000|  0%| F|  |TAMS 0x0000000708800000| PB 0x0000000708800000| Untracked |  0
|  49|0x0000000708a00000, 0x0000000708a00000, 0x0000000708c00000|  0%| F|  |TAMS 0x0000000708a00000| PB 0x0000000708a00000| Untracked |  0
|  50|0x0000000708c00000, 0x0000000708c00000, 0x0000000708e00000|  0%| F|  |TAMS 0x0000000708c00000| PB 0x0000000708c00000| Untracked |  0
|  51|0x0000000708e00000, 0x0000000708e00000, 0x0000000709000000|  0%| F|  |TAMS 0x0000000708e00000| PB 0x0000000708e00000| Untracked |  0
|  52|0x0000000709000000, 0x0000000709000000, 0x0000000709200000|  0%| F|  |TAMS 0x0000000709000000| PB 0x0000000709000000| Untracked |  0
|  53|0x0000000709200000, 0x0000000709200000, 0x0000000709400000|  0%| F|  |TAMS 0x0000000709200000| PB 0x0000000709200000| Untracked |  0
|  54|0x0000000709400000, 0x0000000709400000, 0x0000000709600000|  0%| F|  |TAMS 0x0000000709400000| PB 0x0000000709400000| Untracked |  0
|  55|0x0000000709600000, 0x0000000709600000, 0x0000000709800000|  0%| F|  |TAMS 0x0000000709600000| PB 0x0000000709600000| Untracked |  0
|  56|0x0000000709800000, 0x0000000709800000, 0x0000000709a00000|  0%| F|  |TAMS 0x0000000709800000| PB 0x0000000709800000| Untracked |  0
|  57|0x0000000709a00000, 0x0000000709a00000, 0x0000000709c00000|  0%| F|  |TAMS 0x0000000709a00000| PB 0x0000000709a00000| Untracked |  0
|  58|0x0000000709c00000, 0x0000000709c00000, 0x0000000709e00000|  0%| F|  |TAMS 0x0000000709c00000| PB 0x0000000709c00000| Untracked |  0
|  59|0x0000000709e00000, 0x0000000709e00000, 0x000000070a000000|  0%| F|  |TAMS 0x0000000709e00000| PB 0x0000000709e00000| Untracked |  0
|  60|0x000000070a000000, 0x000000070a000000, 0x000000070a200000|  0%| F|  |TAMS 0x000000070a000000| PB 0x000000070a000000| Untracked |  0
|  61|0x000000070a200000, 0x000000070a200000, 0x000000070a400000|  0%| F|  |TAMS 0x000000070a200000| PB 0x000000070a200000| Untracked |  0
|  62|0x000000070a400000, 0x000000070a400000, 0x000000070a600000|  0%| F|  |TAMS 0x000000070a400000| PB 0x000000070a400000| Untracked |  0
|  63|0x000000070a600000, 0x000000070a600000, 0x000000070a800000|  0%| F|  |TAMS 0x000000070a600000| PB 0x000000070a600000| Untracked |  0
|  64|0x000000070a800000, 0x000000070a800000, 0x000000070aa00000|  0%| F|  |TAMS 0x000000070a800000| PB 0x000000070a800000| Untracked |  0
|  65|0x000000070aa00000, 0x000000070aa00000, 0x000000070ac00000|  0%| F|  |TAMS 0x000000070aa00000| PB 0x000000070aa00000| Untracked |  0
|  66|0x000000070ac00000, 0x000000070ac00000, 0x000000070ae00000|  0%| F|  |TAMS 0x000000070ac00000| PB 0x000000070ac00000| Untracked |  0
|  67|0x000000070ae00000, 0x000000070ae00000, 0x000000070b000000|  0%| F|  |TAMS 0x000000070ae00000| PB 0x000000070ae00000| Untracked |  0
|  68|0x000000070b000000, 0x000000070b000000, 0x000000070b200000|  0%| F|  |TAMS 0x000000070b000000| PB 0x000000070b000000| Untracked |  0
|  69|0x000000070b200000, 0x000000070b200000, 0x000000070b400000|  0%| F|  |TAMS 0x000000070b200000| PB 0x000000070b200000| Untracked |  0
|  70|0x000000070b400000, 0x000000070b400000, 0x000000070b600000|  0%| F|  |TAMS 0x000000070b400000| PB 0x000000070b400000| Untracked |  0
|  71|0x000000070b600000, 0x000000070b600000, 0x000000070b800000|  0%| F|  |TAMS 0x000000070b600000| PB 0x000000070b600000| Untracked |  0
|  72|0x000000070b800000, 0x000000070b800000, 0x000000070ba00000|  0%| F|  |TAMS 0x000000070b800000| PB 0x000000070b800000| Untracked |  0
|  73|0x000000070ba00000, 0x000000070ba00000, 0x000000070bc00000|  0%| F|  |TAMS 0x000000070ba00000| PB 0x000000070ba00000| Untracked |  0
|  74|0x000000070bc00000, 0x000000070bc00000, 0x000000070be00000|  0%| F|  |TAMS 0x000000070bc00000| PB 0x000000070bc00000| Untracked |  0
|  75|0x000000070be00000, 0x000000070be00000, 0x000000070c000000|  0%| F|  |TAMS 0x000000070be00000| PB 0x000000070be00000| Untracked |  0
|  76|0x000000070c000000, 0x000000070c000000, 0x000000070c200000|  0%| F|  |TAMS 0x000000070c000000| PB 0x000000070c000000| Untracked |  0
|  77|0x000000070c200000, 0x000000070c200000, 0x000000070c400000|  0%| F|  |TAMS 0x000000070c200000| PB 0x000000070c200000| Untracked |  0
|  78|0x000000070c400000, 0x000000070c400000, 0x000000070c600000|  0%| F|  |TAMS 0x000000070c400000| PB 0x000000070c400000| Untracked |  0
|  79|0x000000070c600000, 0x000000070c600000, 0x000000070c800000|  0%| F|  |TAMS 0x000000070c600000| PB 0x000000070c600000| Untracked |  0
|  80|0x000000070c800000, 0x000000070c800000, 0x000000070ca00000|  0%| F|  |TAMS 0x000000070c800000| PB 0x000000070c800000| Untracked |  0
|  81|0x000000070ca00000, 0x000000070ca00000, 0x000000070cc00000|  0%| F|  |TAMS 0x000000070ca00000| PB 0x000000070ca00000| Untracked |  0
|  82|0x000000070cc00000, 0x000000070cc00000, 0x000000070ce00000|  0%| F|  |TAMS 0x000000070cc00000| PB 0x000000070cc00000| Untracked |  0
|  83|0x000000070ce00000, 0x000000070ce00000, 0x000000070d000000|  0%| F|  |TAMS 0x000000070ce00000| PB 0x000000070ce00000| Untracked |  0
|  84|0x000000070d000000, 0x000000070d000000, 0x000000070d200000|  0%| F|  |TAMS 0x000000070d000000| PB 0x000000070d000000| Untracked |  0
|  85|0x000000070d200000, 0x000000070d200000, 0x000000070d400000|  0%| F|  |TAMS 0x000000070d200000| PB 0x000000070d200000| Untracked |  0
|  86|0x000000070d400000, 0x000000070d400000, 0x000000070d600000|  0%| F|  |TAMS 0x000000070d400000| PB 0x000000070d400000| Untracked |  0
|  87|0x000000070d600000, 0x000000070d600000, 0x000000070d800000|  0%| F|  |TAMS 0x000000070d600000| PB 0x000000070d600000| Untracked |  0
|  88|0x000000070d800000, 0x000000070d800000, 0x000000070da00000|  0%| F|  |TAMS 0x000000070d800000| PB 0x000000070d800000| Untracked |  0
|  89|0x000000070da00000, 0x000000070da00000, 0x000000070dc00000|  0%| F|  |TAMS 0x000000070da00000| PB 0x000000070da00000| Untracked |  0
|  90|0x000000070dc00000, 0x000000070dc00000, 0x000000070de00000|  0%| F|  |TAMS 0x000000070dc00000| PB 0x000000070dc00000| Untracked |  0
|  91|0x000000070de00000, 0x000000070de00000, 0x000000070e000000|  0%| F|  |TAMS 0x000000070de00000| PB 0x000000070de00000| Untracked |  0
|  92|0x000000070e000000, 0x000000070e000000, 0x000000070e200000|  0%| F|  |TAMS 0x000000070e000000| PB 0x000000070e000000| Untracked |  0
|  93|0x000000070e200000, 0x000000070e200000, 0x000000070e400000|  0%| F|  |TAMS 0x000000070e200000| PB 0x000000070e200000| Untracked |  0
|  94|0x000000070e400000, 0x000000070e400000, 0x000000070e600000|  0%| F|  |TAMS 0x000000070e400000| PB 0x000000070e400000| Untracked |  0
|  95|0x000000070e600000, 0x000000070e600000, 0x000000070e800000|  0%| F|  |TAMS 0x000000070e600000| PB 0x000000070e600000| Untracked |  0
|  96|0x000000070e800000, 0x000000070e800000, 0x000000070ea00000|  0%| F|  |TAMS 0x000000070e800000| PB 0x000000070e800000| Untracked |  0
|  97|0x000000070ea00000, 0x000000070ea00000, 0x000000070ec00000|  0%| F|  |TAMS 0x000000070ea00000| PB 0x000000070ea00000| Untracked |  0
|  98|0x000000070ec00000, 0x000000070ec00000, 0x000000070ee00000|  0%| F|  |TAMS 0x000000070ec00000| PB 0x000000070ec00000| Untracked |  0
|  99|0x000000070ee00000, 0x000000070ee00000, 0x000000070f000000|  0%| F|  |TAMS 0x000000070ee00000| PB 0x000000070ee00000| Untracked |  0
| 100|0x000000070f000000, 0x000000070f000000, 0x000000070f200000|  0%| F|  |TAMS 0x000000070f000000| PB 0x000000070f000000| Untracked |  0
| 101|0x000000070f200000, 0x000000070f200000, 0x000000070f400000|  0%| F|  |TAMS 0x000000070f200000| PB 0x000000070f200000| Untracked |  0
| 102|0x000000070f400000, 0x000000070f400000, 0x000000070f600000|  0%| F|  |TAMS 0x000000070f400000| PB 0x000000070f400000| Untracked |  0
| 103|0x000000070f600000, 0x000000070f600000, 0x000000070f800000|  0%| F|  |TAMS 0x000000070f600000| PB 0x000000070f600000| Untracked |  0
| 104|0x000000070f800000, 0x000000070f800000, 0x000000070fa00000|  0%| F|  |TAMS 0x000000070f800000| PB 0x000000070f800000| Untracked |  0
| 105|0x000000070fa00000, 0x000000070fa00000, 0x000000070fc00000|  0%| F|  |TAMS 0x000000070fa00000| PB 0x000000070fa00000| Untracked |  0
| 106|0x000000070fc00000, 0x000000070fc00000, 0x000000070fe00000|  0%| F|  |TAMS 0x000000070fc00000| PB 0x000000070fc00000| Untracked |  0
| 107|0x000000070fe00000, 0x000000070fe00000, 0x0000000710000000|  0%| F|  |TAMS 0x000000070fe00000| PB 0x000000070fe00000| Untracked |  0
| 108|0x0000000710000000, 0x0000000710000000, 0x0000000710200000|  0%| F|  |TAMS 0x0000000710000000| PB 0x0000000710000000| Untracked |  0
| 109|0x0000000710200000, 0x0000000710200000, 0x0000000710400000|  0%| F|  |TAMS 0x0000000710200000| PB 0x0000000710200000| Untracked |  0
| 110|0x0000000710400000, 0x0000000710400000, 0x0000000710600000|  0%| F|  |TAMS 0x0000000710400000| PB 0x0000000710400000| Untracked |  0
| 111|0x0000000710600000, 0x0000000710600000, 0x0000000710800000|  0%| F|  |TAMS 0x0000000710600000| PB 0x0000000710600000| Untracked |  0
| 112|0x0000000710800000, 0x0000000710800000, 0x0000000710a00000|  0%| F|  |TAMS 0x0000000710800000| PB 0x0000000710800000| Untracked |  0
| 113|0x0000000710a00000, 0x0000000710c00000, 0x0000000710c00000|100%| S|CS|TAMS 0x0000000710a00000| PB 0x0000000710a00000| Complete |  0
| 114|0x0000000710c00000, 0x0000000710e00000, 0x0000000710e00000|100%| S|CS|TAMS 0x0000000710c00000| PB 0x0000000710c00000| Complete |  0
| 115|0x0000000710e00000, 0x0000000710e00000, 0x0000000711000000|  0%| F|  |TAMS 0x0000000710e00000| PB 0x0000000710e00000| Untracked |  0
| 116|0x0000000711000000, 0x0000000711000000, 0x0000000711200000|  0%| F|  |TAMS 0x0000000711000000| PB 0x0000000711000000| Untracked |  0
| 117|0x0000000711200000, 0x0000000711200000, 0x0000000711400000|  0%| F|  |TAMS 0x0000000711200000| PB 0x0000000711200000| Untracked |  0
| 118|0x0000000711400000, 0x0000000711400000, 0x0000000711600000|  0%| F|  |TAMS 0x0000000711400000| PB 0x0000000711400000| Untracked |  0
| 119|0x0000000711600000, 0x0000000711600000, 0x0000000711800000|  0%| F|  |TAMS 0x0000000711600000| PB 0x0000000711600000| Untracked |  0
| 120|0x0000000711800000, 0x0000000711800000, 0x0000000711a00000|  0%| F|  |TAMS 0x0000000711800000| PB 0x0000000711800000| Untracked |  0
| 121|0x0000000711a00000, 0x0000000711a00000, 0x0000000711c00000|  0%| F|  |TAMS 0x0000000711a00000| PB 0x0000000711a00000| Untracked |  0
| 122|0x0000000711c00000, 0x0000000711c00000, 0x0000000711e00000|  0%| F|  |TAMS 0x0000000711c00000| PB 0x0000000711c00000| Untracked |  0
| 123|0x0000000711e00000, 0x0000000711e00000, 0x0000000712000000|  0%| F|  |TAMS 0x0000000711e00000| PB 0x0000000711e00000| Untracked |  0
| 124|0x0000000712000000, 0x0000000712000000, 0x0000000712200000|  0%| F|  |TAMS 0x0000000712000000| PB 0x0000000712000000| Untracked |  0
| 125|0x0000000712200000, 0x0000000712200000, 0x0000000712400000|  0%| F|  |TAMS 0x0000000712200000| PB 0x0000000712200000| Untracked |  0
| 126|0x0000000712400000, 0x00000007124e1510, 0x0000000712600000| 44%| E|  |TAMS 0x0000000712400000| PB 0x0000000712400000| Complete |  0

Card table byte_map: [0x0000028efe2e0000,0x0000028efead0000] _byte_map_base: 0x0000028efaacc000

Marking Bits: (CMBitMap*) 0x0000028ee5ff1340
 Bits: [0x0000028e80000000, 0x0000028e83f60000)

Polling page: 0x0000028ee3dd0000

Metaspace:

Usage:
  Non-class:      5.99 MB used.
      Class:    850.34 KB used.
       Both:      6.82 MB used.

Virtual space:
  Non-class space:       64.00 MB reserved,       6.06 MB (  9%) committed,  1 nodes.
      Class space:        1.00 GB reserved,     960.00 KB ( <1%) committed,  1 nodes.
             Both:        1.06 GB reserved,       7.00 MB ( <1%) committed. 

Chunk freelists:
   Non-Class:  9.08 MB
       Class:  14.95 MB
        Both:  24.03 MB

MaxMetaspaceSize: unlimited
CompressedClassSpaceSize: 1.00 GB
Initial GC threshold: 21.00 MB
Current GC threshold: 21.00 MB
CDS: on
 - commit_granule_bytes: 65536.
 - commit_granule_words: 8192.
 - virtual_space_node_default_size: 8388608.
 - enlarge_chunks_in_place: 1.
 - use_allocation_guard: 0.


Internal statistics:

num_allocs_failed_limit: 0.
num_arena_births: 172.
num_arena_deaths: 0.
num_vsnodes_births: 2.
num_vsnodes_deaths: 0.
num_space_committed: 112.
num_space_uncommitted: 0.
num_chunks_returned_to_freelist: 0.
num_chunks_taken_from_freelist: 395.
num_chunk_merges: 0.
num_chunk_splits: 225.
num_chunks_enlarged: 120.
num_inconsistent_stats: 0.

CodeHeap 'non-profiled nmethods': size=120064Kb used=451Kb max_used=451Kb free=119612Kb
 bounds [0x0000028ef6170000, 0x0000028ef63e0000, 0x0000028efd6b0000]
CodeHeap 'profiled nmethods': size=120000Kb used=1772Kb max_used=1772Kb free=118227Kb
 bounds [0x0000028eee6b0000, 0x0000028eee920000, 0x0000028ef5be0000]
CodeHeap 'non-nmethods': size=5696Kb used=1380Kb max_used=1416Kb free=4315Kb
 bounds [0x0000028ef5be0000, 0x0000028ef5e50000, 0x0000028ef6170000]
CodeCache: size=245760Kb, used=3603Kb, max_used=3639Kb, free=242154Kb
 total_blobs=1862, nmethods=1374, adapters=394, full_count=0
Compilation: enabled, stopped_count=0, restarted_count=0

Compilation events (20 events):
Event: 0.700 Thread 0x0000028ecb018050 1359       3       java.util.Collections::singletonIterator (9 bytes)
Event: 0.700 Thread 0x0000028ecb018050 nmethod 1359 0x0000028eee866d88 code [0x0000028eee866ec0, 0x0000028eee867130]
Event: 0.700 Thread 0x0000028ecb018050 1360       3       java.util.Collections$1::<init> (15 bytes)
Event: 0.700 Thread 0x0000028ecb018050 nmethod 1360 0x0000028eee867188 code [0x0000028eee8672a0, 0x0000028eee867470]
Event: 0.700 Thread 0x0000028ecb018050 1361       3       java.util.Collections$1::next (25 bytes)
Event: 0.708 Thread 0x0000028ecb018050 nmethod 1361 0x0000028eee867508 code [0x0000028eee867640, 0x0000028eee867860]
Event: 0.708 Thread 0x0000028ecb2c0920 1362       4       java.util.concurrent.locks.ReentrantLock::lock (8 bytes)
Event: 0.708 Thread 0x0000028ecb018050 1363       3       java.util.concurrent.locks.AbstractQueuedSynchronizer::signalNext (34 bytes)
Event: 0.708 Thread 0x0000028ecb018050 nmethod 1363 0x0000028eee867888 code [0x0000028eee867a00, 0x0000028eee867e60]
Event: 0.708 Thread 0x0000028ecb018050 1364       3       java.lang.ref.Reference::enqueueFromPending (19 bytes)
Event: 0.708 Thread 0x0000028ecb018050 nmethod 1364 0x0000028eee867e88 code [0x0000028eee867fc0, 0x0000028eee8681d8]
Event: 0.708 Thread 0x0000028ecb018050 1365       3       java.lang.ref.ReferenceQueue::enqueue0 (98 bytes)
Event: 0.709 Thread 0x0000028ecb018050 nmethod 1365 0x0000028eee868208 code [0x0000028eee868360, 0x0000028eee868958]
Event: 0.709 Thread 0x0000028ecb018050 1368       3       org.springframework.core.env.PropertiesPropertySource$$Lambda/0x0000028e870fd3a8::test (5 bytes)
Event: 0.709 Thread 0x0000028ecb018050 nmethod 1368 0x0000028eee868988 code [0x0000028eee868aa0, 0x0000028eee868ce0]
Event: 0.709 Thread 0x0000028eff552720 1371   !   4       java.lang.ref.NativeReferenceQueue::poll (28 bytes)
Event: 0.709 Thread 0x0000028ecb018050 1369       3       org.springframework.core.env.PropertiesPropertySource::lambda$getPropertyNames$0 (5 bytes)
Event: 0.709 Thread 0x0000028ecb128f90 1372       4       java.util.concurrent.ConcurrentHashMap::addCount (280 bytes)
Event: 0.709 Thread 0x0000028ecb018050 nmethod 1369 0x0000028eee868d08 code [0x0000028eee868e20, 0x0000028eee868fe8]
Event: 0.709 Thread 0x0000028ecb018050 1373   !   3       java.util.concurrent.ConcurrentHashMap::replaceNode (437 bytes)

GC Heap History (2 events):
Event: 0.700 GC heap before
{Heap before GC invocations=0 (full 0):
 garbage-first heap   total reserved 4153344K, committed 260096K, used 24576K [0x0000000702800000, 0x0000000800000000)
  region size 2048K, 12 young (24576K), 0 survivors (0K)
 Metaspace       used 6953K, committed 7168K, reserved 1114112K
  class space    used 847K, committed 960K, reserved 1048576K
}
Event: 0.708 GC heap after
{Heap after GC invocations=1 (full 0):
 garbage-first heap   total reserved 4153344K, committed 260096K, used 6922K [0x0000000702800000, 0x0000000800000000)
  region size 2048K, 2 young (4096K), 2 survivors (4096K)
 Metaspace       used 6953K, committed 7168K, reserved 1114112K
  class space    used 847K, committed 960K, reserved 1048576K
}

Dll operation events (10 events):
Event: 0.011 Loaded shared library C:\Users\seerangamani\.jdks\openjdk-23.0.2\bin\java.dll
Event: 0.044 Loaded shared library C:\Users\seerangamani\.jdks\openjdk-23.0.2\bin\jsvml.dll
Event: 0.128 Loaded shared library C:\Users\seerangamani\.jdks\openjdk-23.0.2\bin\zip.dll
Event: 0.131 Loaded shared library C:\Users\seerangamani\.jdks\openjdk-23.0.2\bin\instrument.dll
Event: 0.135 Loaded shared library C:\Users\seerangamani\.jdks\openjdk-23.0.2\bin\net.dll
Event: 0.137 Loaded shared library C:\Users\seerangamani\.jdks\openjdk-23.0.2\bin\nio.dll
Event: 0.140 Loaded shared library C:\Users\seerangamani\.jdks\openjdk-23.0.2\bin\zip.dll
Event: 0.206 Loaded shared library C:\Program Files\JetBrains\IntelliJ IDEA Community Edition 2024.3\bin\breakgen64.dll
Event: 0.214 Loaded shared library C:\Users\seerangamani\.jdks\openjdk-23.0.2\bin\extnet.dll
Event: 0.244 Loaded shared library C:\Users\seerangamani\.jdks\openjdk-23.0.2\bin\jimage.dll

Deoptimization events (20 events):
Event: 0.515 Thread 0x0000028ee3bfbf80 DEOPT PACKING pc=0x0000028ef6181268 sp=0x0000009256dfddb0
Event: 0.515 Thread 0x0000028ee3bfbf80 DEOPT UNPACKING pc=0x0000028ef5c34402 sp=0x0000009256dfdd70 mode 2
Event: 0.540 Thread 0x0000028ee3bfbf80 Uncommon trap: trap_request=0xffffffde fr.pc=0x0000028ef6181268 relative=0x0000000000000528
Event: 0.540 Thread 0x0000028ee3bfbf80 Uncommon trap: reason=class_check action=maybe_recompile pc=0x0000028ef6181268 method=java.util.HashMap.putVal(ILjava/lang/Object;Ljava/lang/Object;ZZ)Ljava/lang/Object; @ 253 c2
Event: 0.540 Thread 0x0000028ee3bfbf80 DEOPT PACKING pc=0x0000028ef6181268 sp=0x0000009256dfde10
Event: 0.540 Thread 0x0000028ee3bfbf80 DEOPT UNPACKING pc=0x0000028ef5c34402 sp=0x0000009256dfddd0 mode 2
Event: 0.540 Thread 0x0000028ee3bfbf80 Uncommon trap: trap_request=0xffffffde fr.pc=0x0000028ef6181268 relative=0x0000000000000528
Event: 0.540 Thread 0x0000028ee3bfbf80 Uncommon trap: reason=class_check action=maybe_recompile pc=0x0000028ef6181268 method=java.util.HashMap.putVal(ILjava/lang/Object;Ljava/lang/Object;ZZ)Ljava/lang/Object; @ 253 c2
Event: 0.540 Thread 0x0000028ee3bfbf80 DEOPT PACKING pc=0x0000028ef6181268 sp=0x0000009256dfde10
Event: 0.540 Thread 0x0000028ee3bfbf80 DEOPT UNPACKING pc=0x0000028ef5c34402 sp=0x0000009256dfddd0 mode 2
Event: 0.545 Thread 0x0000028ee3bfbf80 Uncommon trap: trap_request=0xffffff45 fr.pc=0x0000028ef61817fc relative=0x0000000000000abc
Event: 0.545 Thread 0x0000028ee3bfbf80 Uncommon trap: reason=unstable_if action=reinterpret pc=0x0000028ef61817fc method=java.util.HashMap.putVal(ILjava/lang/Object;Ljava/lang/Object;ZZ)Ljava/lang/Object; @ 181 c2
Event: 0.545 Thread 0x0000028ee3bfbf80 DEOPT PACKING pc=0x0000028ef61817fc sp=0x0000009256dfe740
Event: 0.545 Thread 0x0000028ee3bfbf80 DEOPT UNPACKING pc=0x0000028ef5c34402 sp=0x0000009256dfe700 mode 2
Event: 0.587 Thread 0x0000028ee3bfbf80 DEOPT PACKING pc=0x0000028eee723a79 sp=0x0000009256dfe5e0
Event: 0.587 Thread 0x0000028ee3bfbf80 DEOPT UNPACKING pc=0x0000028ef5c34b22 sp=0x0000009256dfdae8 mode 0
Event: 0.708 Thread 0x0000028eff51de50 Uncommon trap: trap_request=0xffffff45 fr.pc=0x0000028ef619d5c0 relative=0x0000000000000040
Event: 0.708 Thread 0x0000028eff51de50 Uncommon trap: reason=unstable_if action=reinterpret pc=0x0000028ef619d5c0 method=java.util.concurrent.locks.AbstractQueuedSynchronizer.signalNext(Ljava/util/concurrent/locks/AbstractQueuedSynchronizer$Node;)V @ 1 c2
Event: 0.708 Thread 0x0000028eff51de50 DEOPT PACKING pc=0x0000028ef619d5c0 sp=0x00000092575ff140
Event: 0.708 Thread 0x0000028eff51de50 DEOPT UNPACKING pc=0x0000028ef5c34402 sp=0x00000092575ff0d0 mode 2

Classes loaded (20 events):
Event: 0.652 Loading class java/util/stream/IntStream
Event: 0.652 Loading class java/util/stream/IntStream done
Event: 0.652 Loading class java/util/stream/IntPipeline done
Event: 0.653 Loading class java/util/stream/IntPipeline$Head done
Event: 0.653 Loading class java/util/function/IntPredicate
Event: 0.653 Loading class java/util/function/IntPredicate done
Event: 0.654 Loading class java/util/stream/MatchOps$2MatchSink
Event: 0.654 Loading class java/util/stream/Sink$OfInt
Event: 0.654 Loading class java/util/stream/Sink$OfInt done
Event: 0.654 Loading class java/util/stream/MatchOps$2MatchSink done
Event: 0.658 Loading class java/lang/invoke/MethodHandle$1
Event: 0.658 Loading class java/lang/invoke/MethodHandle$1 done
Event: 0.669 Loading class java/beans/PropertyEditorSupport
Event: 0.669 Loading class java/beans/PropertyEditor
Event: 0.669 Loading class java/beans/PropertyEditor done
Event: 0.669 Loading class java/beans/PropertyEditorSupport done
Event: 0.695 Loading class java/util/regex/Pattern$Neg
Event: 0.695 Loading class java/util/regex/Pattern$Neg done
Event: 0.710 Loading class java/util/stream/StreamSpliterators$WrappingSpliterator
Event: 0.710 Loading class java/util/stream/StreamSpliterators$AbstractWrappingSpliterator

Classes unloaded (0 events):
No events

Classes redefined (0 events):
No events

Internal exceptions (20 events):
Event: 0.284 Thread 0x0000028ee3bfbf80 Exception <a 'java/lang/ClassNotFoundException'{0x0000000711db63c0}: javax/smartcardio/CardPermission> (0x0000000711db63c0) 
thrown [s\open\src\hotspot\share\classfile\systemDictionary.cpp, line 313]
Event: 0.287 Thread 0x0000028ee3bfbf80 Exception <a 'java/io/FileNotFoundException'{0x0000000711dc43a8}> (0x0000000711dc43a8) 
thrown [s\open\src\hotspot\share\prims\jni.cpp, line 520]
Event: 0.313 Thread 0x0000028ee3bfbf80 Exception <a 'java/lang/NoSuchMethodError'{0x0000000711a50410}: 'java.lang.Object java.lang.invoke.DirectMethodHandle$Holder.invokeSpecial(java.lang.Object, java.lang.Object, java.lang.Object, long, java.lang.Object)'> (0x0000000711a50410) 
thrown [s\open\src\hotspot\share\interpreter\linkResolver.cpp, line 796]
Event: 0.313 Thread 0x0000028ee3bfbf80 Exception <a 'java/lang/NoSuchMethodError'{0x0000000711a53d88}: 'java.lang.Object java.lang.invoke.Invokers$Holder.linkToTargetMethod(java.lang.Object, long, java.lang.Object, java.lang.Object)'> (0x0000000711a53d88) 
thrown [s\open\src\hotspot\share\interpreter\linkResolver.cpp, line 796]
Event: 0.380 Thread 0x0000028ee3bfbf80 Exception <a 'java/lang/NoSuchMethodError'{0x000000071184bd18}: 'void java.lang.invoke.DirectMethodHandle$Holder.invokeStatic(java.lang.Object, java.lang.Object, java.lang.Object, java.lang.Object)'> (0x000000071184bd18) 
thrown [s\open\src\hotspot\share\interpreter\linkResolver.cpp, line 796]
Event: 0.409 Thread 0x0000028ee3bfbf80 Exception <a 'java/lang/NoSuchMethodError'{0x000000071195cd50}: 'int java.lang.invoke.DirectMethodHandle$Holder.invokeStaticInit(java.lang.Object, java.lang.Object)'> (0x000000071195cd50) 
thrown [s\open\src\hotspot\share\interpreter\linkResolver.cpp, line 796]
Event: 0.416 Thread 0x0000028ee3bfbf80 Exception <a 'java/lang/NoSuchMethodError'{0x000000071199a338}: 'void java.lang.invoke.DirectMethodHandle$Holder.invokeInterface(java.lang.Object, java.lang.Object, java.lang.Object, java.lang.Object)'> (0x000000071199a338) 
thrown [s\open\src\hotspot\share\interpreter\linkResolver.cpp, line 796]
Event: 0.446 Thread 0x0000028ee3bfbf80 Exception <a 'java/lang/NoSuchMethodError'{0x0000000711685d58}: 'void java.lang.invoke.DirectMethodHandle$Holder.invokeSpecial(java.lang.Object, java.lang.Object, java.lang.Object)'> (0x0000000711685d58) 
thrown [s\open\src\hotspot\share\interpreter\linkResolver.cpp, line 796]
Event: 0.447 Thread 0x0000028ee3bfbf80 Exception <a 'java/lang/NoSuchMethodError'{0x000000071168f608}: 'void java.lang.invoke.DirectMethodHandle$Holder.invokeStatic(java.lang.Object, int, java.lang.Object)'> (0x000000071168f608) 
thrown [s\open\src\hotspot\share\interpreter\linkResolver.cpp, line 796]
Event: 0.485 Thread 0x0000028ee3bfbf80 Exception <a 'java/lang/NoSuchMethodError'{0x00000007117b37a8}: 'java.lang.Object java.lang.invoke.DirectMethodHandle$Holder.invokeInterface(java.lang.Object, java.lang.Object)'> (0x00000007117b37a8) 
thrown [s\open\src\hotspot\share\interpreter\linkResolver.cpp, line 796]
Event: 0.491 Thread 0x0000028ee3bfbf80 Exception <a 'java/lang/NoSuchMethodError'{0x00000007117f7aa8}: 'java.lang.Object java.lang.invoke.DirectMethodHandle$Holder.invokeSpecialIFC(java.lang.Object, java.lang.Object, java.lang.Object, java.lang.Object)'> (0x00000007117f7aa8) 
thrown [s\open\src\hotspot\share\interpreter\linkResolver.cpp, line 796]
Event: 0.493 Thread 0x0000028ee3bfbf80 Exception <a 'java/lang/NoSuchMethodError'{0x00000007114121f8}: 'java.lang.Object java.lang.invoke.DirectMethodHandle$Holder.invokeInterface(java.lang.Object, java.lang.Object, java.lang.Object)'> (0x00000007114121f8) 
thrown [s\open\src\hotspot\share\interpreter\linkResolver.cpp, line 796]
Event: 0.520 Thread 0x0000028ee3bfbf80 Exception <a 'java/lang/NoSuchMethodError'{0x0000000711504150}: 'int java.lang.invoke.DirectMethodHandle$Holder.invokeStaticInit(java.lang.Object, java.lang.Object, java.lang.Object)'> (0x0000000711504150) 
thrown [s\open\src\hotspot\share\interpreter\linkResolver.cpp, line 796]
Event: 0.539 Thread 0x0000028ee3bfbf80 Exception <a 'java/lang/NoSuchMethodError'{0x00000007115b9eb8}: 'java.lang.Object java.lang.invoke.DirectMethodHandle$Holder.invokeStaticInit(java.lang.Object, java.lang.Object, java.lang.Object)'> (0x00000007115b9eb8) 
thrown [s\open\src\hotspot\share\interpreter\linkResolver.cpp, line 796]
Event: 0.556 Thread 0x0000028ee3bfbf80 Exception <a 'java/lang/IncompatibleClassChangeError'{0x000000071123b8a8}: Found class java.lang.Object, but interface was expected> (0x000000071123b8a8) 
thrown [s\open\src\hotspot\share\interpreter\linkResolver.cpp, line 863]
Event: 0.568 Thread 0x0000028ee3bfbf80 Exception <a 'sun/nio/fs/WindowsException'{0x00000007112b5930}> (0x00000007112b5930) 
thrown [s\open\src\hotspot\share\prims\jni.cpp, line 520]
Event: 0.640 Thread 0x0000028ee3bfbf80 Exception <a 'java/lang/NoSuchMethodError'{0x00000007111ab278}: 'int java.lang.invoke.DirectMethodHandle$Holder.invokeSpecial(java.lang.Object, java.lang.Object, java.lang.Object)'> (0x00000007111ab278) 
thrown [s\open\src\hotspot\share\interpreter\linkResolver.cpp, line 796]
Event: 0.683 Thread 0x0000028ee3bfbf80 Exception <a 'java/lang/NoSuchMethodError'{0x0000000710f4fd18}: 'java.lang.Object java.lang.invoke.DirectMethodHandle$Holder.newInvokeSpecial(java.lang.Object, java.lang.Object, java.lang.Object, java.lang.Object, java.lang.Object, java.lang.Object, java.lang.Object)'> (0x0000000710f4fd18) 
thrown [s\open\src\hotspot\share\interpreter\linkResolver.cpp, line 796]
Event: 0.686 Thread 0x0000028ee3bfbf80 Exception <a 'java/lang/NoSuchMethodError'{0x0000000710f6b230}: 'void java.lang.invoke.DirectMethodHandle$Holder.invokeStaticInit(java.lang.Object, java.lang.Object)'> (0x0000000710f6b230) 
thrown [s\open\src\hotspot\share\interpreter\linkResolver.cpp, line 796]
Event: 0.692 Thread 0x0000028ee3bfbf80 Exception <a 'java/lang/NoSuchMethodError'{0x0000000710fad718}: 'int java.lang.invoke.DirectMethodHandle$Holder.invokeStatic(java.lang.Object, java.lang.Object, java.lang.Object, java.lang.Object)'> (0x0000000710fad718) 
thrown [s\open\src\hotspot\share\interpreter\linkResolver.cpp, line 796]

VM Operations (12 events):
Event: 0.114 Executing VM operation: HandshakeAllThreads (Deoptimize)
Event: 0.114 Executing VM operation: HandshakeAllThreads (Deoptimize) done
Event: 0.248 Executing VM operation: HandshakeAllThreads (Deoptimize)
Event: 0.248 Executing VM operation: HandshakeAllThreads (Deoptimize) done
Event: 0.482 Executing VM operation: HandshakeAllThreads (Deoptimize)
Event: 0.482 Executing VM operation: HandshakeAllThreads (Deoptimize) done
Event: 0.482 Executing VM operation: HandshakeAllThreads (Deoptimize)
Event: 0.482 Executing VM operation: HandshakeAllThreads (Deoptimize) done
Event: 0.569 Executing VM operation: HandshakeAllThreads (Deoptimize)
Event: 0.569 Executing VM operation: HandshakeAllThreads (Deoptimize) done
Event: 0.700 Executing VM operation: G1CollectForAllocation (G1 Evacuation Pause)
Event: 0.708 Executing VM operation: G1CollectForAllocation (G1 Evacuation Pause) done

Memory protections (0 events):
No events

Nmethod flushes (0 events):
No events

Events (14 events):
Event: 0.027 Thread 0x0000028ee3bfbf80 Thread added: 0x0000028ee3bfbf80
Event: 0.041 Thread 0x0000028ee3bfbf80 Thread added: 0x0000028eff51de50
Event: 0.041 Thread 0x0000028ee3bfbf80 Thread added: 0x0000028eff520180
Event: 0.042 Thread 0x0000028ee3bfbf80 Thread added: 0x0000028eff521430
Event: 0.042 Thread 0x0000028ee3bfbf80 Thread added: 0x0000028eff526150
Event: 0.042 Thread 0x0000028ee3bfbf80 Thread added: 0x0000028eff526f00
Event: 0.042 Thread 0x0000028ee3bfbf80 Thread added: 0x0000028eff52f970
Event: 0.042 Thread 0x0000028ee3bfbf80 Thread added: 0x0000028eff552720
Event: 0.042 Thread 0x0000028ee3bfbf80 Thread added: 0x0000028ecb018050
Event: 0.107 Thread 0x0000028ee3bfbf80 Thread added: 0x0000028ecb0fcba0
Event: 0.124 Thread 0x0000028ecb018050 Thread added: 0x0000028ecb128f90
Event: 0.161 Thread 0x0000028eff552720 Thread added: 0x0000028ecb2c0920
Event: 0.206 Thread 0x0000028ee3bfbf80 Thread added: 0x0000028ecb4c1a60
Event: 0.206 Thread 0x0000028ee3bfbf80 Thread added: 0x0000028ecb64a650


Dynamic libraries:
0x00007ff799a70000 - 0x00007ff799a7e000 	C:\Users\seerangamani\.jdks\openjdk-23.0.2\bin\java.exe
0x00007ff9e2470000 - 0x00007ff9e2687000 	C:\WINDOWS\SYSTEM32\ntdll.dll
0x00007ff9e1460000 - 0x00007ff9e1524000 	C:\WINDOWS\System32\KERNEL32.DLL
0x00007ff9dfd20000 - 0x00007ff9e00f2000 	C:\WINDOWS\System32\KERNELBASE.dll
0x00007ff9df6d0000 - 0x00007ff9df7e1000 	C:\WINDOWS\System32\ucrtbase.dll
0x00007ff9db2c0000 - 0x00007ff9db2d7000 	C:\Users\seerangamani\.jdks\openjdk-23.0.2\bin\jli.dll
0x00007ff9db1c0000 - 0x00007ff9db1db000 	C:\Users\seerangamani\.jdks\openjdk-23.0.2\bin\VCRUNTIME140.dll
0x00007ff9e0100000 - 0x00007ff9e02b1000 	C:\WINDOWS\System32\USER32.dll
0x00007ff9dfb90000 - 0x00007ff9dfbb6000 	C:\WINDOWS\System32\win32u.dll
0x00007ff9c9070000 - 0x00007ff9c930b000 	C:\WINDOWS\WinSxS\amd64_microsoft.windows.common-controls_6595b64144ccf1df_6.0.22621.5413_none_270da5617387a498\COMCTL32.dll
0x00007ff9e15e0000 - 0x00007ff9e1687000 	C:\WINDOWS\System32\msvcrt.dll
0x00007ff9e0450000 - 0x00007ff9e0479000 	C:\WINDOWS\System32\GDI32.dll
0x00007ff9df930000 - 0x00007ff9dfa53000 	C:\WINDOWS\System32\gdi32full.dll
0x00007ff9dfbc0000 - 0x00007ff9dfc5a000 	C:\WINDOWS\System32\msvcp_win.dll
0x00007ff9e0900000 - 0x00007ff9e0931000 	C:\WINDOWS\System32\IMM32.DLL
0x00007ff9dc230000 - 0x00007ff9dc23c000 	C:\Users\seerangamani\.jdks\openjdk-23.0.2\bin\vcruntime140_1.dll
0x00007ff9d26e0000 - 0x00007ff9d276e000 	C:\Users\seerangamani\.jdks\openjdk-23.0.2\bin\msvcp140.dll
0x00007ff996c60000 - 0x00007ff9979b0000 	C:\Users\seerangamani\.jdks\openjdk-23.0.2\bin\server\jvm.dll
0x00007ff9e0e70000 - 0x00007ff9e0f21000 	C:\WINDOWS\System32\ADVAPI32.dll
0x00007ff9e1530000 - 0x00007ff9e15d8000 	C:\WINDOWS\System32\sechost.dll
0x00007ff9dfae0000 - 0x00007ff9dfb08000 	C:\WINDOWS\System32\bcrypt.dll
0x00007ff9e02c0000 - 0x00007ff9e03d4000 	C:\WINDOWS\System32\RPCRT4.dll
0x00007ff9e1690000 - 0x00007ff9e1701000 	C:\WINDOWS\System32\WS2_32.dll
0x00007ff9de3e0000 - 0x00007ff9de42d000 	C:\WINDOWS\SYSTEM32\POWRPROF.dll
0x00007ff9d9170000 - 0x00007ff9d917a000 	C:\WINDOWS\SYSTEM32\VERSION.dll
0x00007ff9db0c0000 - 0x00007ff9db0f4000 	C:\WINDOWS\SYSTEM32\WINMM.dll
0x00007ff9de3c0000 - 0x00007ff9de3d3000 	C:\WINDOWS\SYSTEM32\UMPDC.dll
0x00007ff9de620000 - 0x00007ff9de638000 	C:\WINDOWS\SYSTEM32\kernel.appcore.dll
0x00007ff9dbb00000 - 0x00007ff9dbb0a000 	C:\Users\seerangamani\.jdks\openjdk-23.0.2\bin\jimage.dll
0x00007ff9dcfb0000 - 0x00007ff9dd1e2000 	C:\WINDOWS\SYSTEM32\DBGHELP.DLL
0x00007ff9e1040000 - 0x00007ff9e13d3000 	C:\WINDOWS\System32\combase.dll
0x00007ff9e2350000 - 0x00007ff9e2427000 	C:\WINDOWS\System32\OLEAUT32.dll
0x00007ff9c6600000 - 0x00007ff9c6632000 	C:\WINDOWS\SYSTEM32\dbgcore.DLL
0x00007ff9dfb10000 - 0x00007ff9dfb8b000 	C:\WINDOWS\System32\bcryptPrimitives.dll
0x00007ff9dbae0000 - 0x00007ff9dbaef000 	C:\Users\seerangamani\.jdks\openjdk-23.0.2\bin\instrument.dll
0x00007ff9d8960000 - 0x00007ff9d897e000 	C:\Users\seerangamani\.jdks\openjdk-23.0.2\bin\java.dll
0x00007ff9e09f0000 - 0x00007ff9e0b90000 	C:\WINDOWS\System32\ole32.dll
0x00007ff9e1aa0000 - 0x00007ff9e2342000 	C:\WINDOWS\System32\SHELL32.dll
0x00007ff9df7f0000 - 0x00007ff9df92f000 	C:\WINDOWS\System32\wintypes.dll
0x00007ff9dd4a0000 - 0x00007ff9dddbd000 	C:\WINDOWS\SYSTEM32\windows.storage.dll
0x00007ff9e0bf0000 - 0x00007ff9e0cfb000 	C:\WINDOWS\System32\SHCORE.dll
0x00007ff9e17a0000 - 0x00007ff9e1809000 	C:\WINDOWS\System32\shlwapi.dll
0x00007ff9df490000 - 0x00007ff9df4bb000 	C:\WINDOWS\SYSTEM32\profapi.dll
0x00007ff9ce6e0000 - 0x00007ff9ce7b7000 	C:\Users\seerangamani\.jdks\openjdk-23.0.2\bin\jsvml.dll
0x00007ff9d26a0000 - 0x00007ff9d26b7000 	C:\Users\seerangamani\.jdks\openjdk-23.0.2\bin\zip.dll
0x00007ff9db8f0000 - 0x00007ff9db900000 	C:\Users\seerangamani\.jdks\openjdk-23.0.2\bin\net.dll
0x00007ff9deb00000 - 0x00007ff9deb69000 	C:\WINDOWS\system32\mswsock.dll
0x00007ff9d26c0000 - 0x00007ff9d26d6000 	C:\Users\seerangamani\.jdks\openjdk-23.0.2\bin\nio.dll
0x00007ff9d2680000 - 0x00007ff9d269a000 	C:\Program Files\JetBrains\IntelliJ IDEA Community Edition 2024.3\bin\breakgen64.dll
0x00007ff9db8c0000 - 0x00007ff9db8c9000 	C:\Users\seerangamani\.jdks\openjdk-23.0.2\bin\extnet.dll

dbghelp: loaded successfully - version: 4.0.5 - missing functions: none
symbol engine: initialized successfully - sym options: 0x614 - pdb path: .;C:\Users\seerangamani\.jdks\openjdk-23.0.2\bin;C:\WINDOWS\SYSTEM32;C:\WINDOWS\WinSxS\amd64_microsoft.windows.common-controls_6595b64144ccf1df_6.0.22621.5413_none_270da5617387a498;C:\Users\seerangamani\.jdks\openjdk-23.0.2\bin\server;C:\Program Files\JetBrains\IntelliJ IDEA Community Edition 2024.3\bin

VM Arguments:
jvm_args: -javaagent:C:\Program Files\JetBrains\IntelliJ IDEA Community Edition 2024.3\lib\idea_rt.jar=65052:C:\Program Files\JetBrains\IntelliJ IDEA Community Edition 2024.3\bin -Dfile.encoding=UTF-8 -Dsun.stdout.encoding=UTF-8 -Dsun.stderr.encoding=UTF-8 
java_command: com.Attendance.BackEnd_Attendance.BackEndAttendanceApplication
java_class_path (initial): E:\Desktop\Attendance\BackEnd-Attendance\target\classes;C:\Users\seerangamani\.m2\repository\org\springframework\boot\spring-boot-starter-data-jpa\3.3.0\spring-boot-starter-data-jpa-3.3.0.jar;C:\Users\seerangamani\.m2\repository\org\springframework\boot\spring-boot-starter-aop\3.3.0\spring-boot-starter-aop-3.3.0.jar;C:\Users\seerangamani\.m2\repository\org\aspectj\aspectjweaver\1.9.22\aspectjweaver-1.9.22.jar;C:\Users\seerangamani\.m2\repository\org\springframework\boot\spring-boot-starter-jdbc\3.3.0\spring-boot-starter-jdbc-3.3.0.jar;C:\Users\seerangamani\.m2\repository\com\zaxxer\HikariCP\5.1.0\HikariCP-5.1.0.jar;C:\Users\seerangamani\.m2\repository\org\springframework\spring-jdbc\6.1.8\spring-jdbc-6.1.8.jar;C:\Users\seerangamani\.m2\repository\org\hibernate\orm\hibernate-core\6.5.2.Final\hibernate-core-6.5.2.Final.jar;C:\Users\seerangamani\.m2\repository\jakarta\persistence\jakarta.persistence-api\3.1.0\jakarta.persistence-api-3.1.0.jar;C:\Users\seerangamani\.m2\repository\jakarta\transaction\jakarta.transaction-api\2.0.1\jakarta.transaction-api-2.0.1.jar;C:\Users\seerangamani\.m2\repository\org\jboss\logging\jboss-logging\3.5.3.Final\jboss-logging-3.5.3.Final.jar;C:\Users\seerangamani\.m2\repository\org\hibernate\common\hibernate-commons-annotations\6.0.6.Final\hibernate-commons-annotations-6.0.6.Final.jar;C:\Users\seerangamani\.m2\repository\io\smallrye\jandex\3.1.2\jandex-3.1.2.jar;C:\Users\seerangamani\.m2\repository\com\fasterxml\classmate\1.7.0\classmate-1.7.0.jar;C:\Users\seerangamani\.m2\repository\net\bytebuddy\byte-buddy\1.14.16\byte-buddy-1.14.16.jar;C:\Users\seerangamani\.m2\repository\org\glassfish\jaxb\jaxb-runtime\4.0.5\jaxb-runtime-4.0.5.jar;C:\Users\seerangamani\.m2\repository\org\glassfish\jaxb\jaxb-core\4.0.5\jaxb-core-4.0.5.jar;C:\Users\seerangamani\.m2\repository\org\eclipse\angus\angus-activation\2.0.2\angus-activation-2.0.2.jar;C:\Users\seerangamani\.m2\repository\org\glassfish\jaxb\txw2\4.0.5\txw2-4.0.5.jar;C:\Users\seerangamani\.m2\repository\com\sun\istack\istack-commons-runtime\4.1.2\istack-commons-runtime-4.1.2.jar;C:\Users\seerangamani\.m2\repository\jakarta\inject\jakarta.inject-api\2.0.1\jakarta.inject-api-2.0.1.jar;C:\Users\seerangamani\.m2\repository\org\antlr\antlr4-runtime\4.13.0\antlr4-runtime-4.13.0.jar;C:\Users\seerangamani\.m2\repository\org\springframework\data\spring-data-jpa\3.3.0\spring-data-jpa-3.3.0.jar;C:\Users\seerangamani\.m2\repository\org\springframework\data\spring-data-commons\3.3.0\spring-data-commons-3.3.0.jar;C:\Users\seerangamani\.m2\repository\org\springframework\spring-orm\6.1.8\spring-orm-6.1.8.jar;C:\Users\seerangamani\.m2\repository\org\springframework\spring-context\6.1.8\spring-context-6.1.8.jar;C:\Users\seerangamani\.m2\repository\org\springframework\spring-tx\6.1.8\spring-tx-6.1.8.jar;C:\Users\seerangamani\.m2\repository\org\springframework\spring-beans\6.1.8\spring-beans-6.1.8.jar;C:\Users\seerangamani\.m2\repository\jakarta\annotation\jakarta.annotation-api\2.1.1\jakarta.annotation-api-2.1.1.jar;C:\Users\seerangamani\.m2\repository\org\slf4j\slf4j-api\2.0.13\slf4j-api-2.0.13.jar;C:\Users\seerangamani\.m2\repository\org\springframework\spring-aspects\6.1.8\spring-aspects-6.1.8.jar;C:\Users\seerangamani\.m2\repository\org\springframework\boot\spring-boot-starter-web\3.3.0\spring-boot-starter-web-3.3.0.jar;C:\Users\seerangamani\.m2\repository\org\springframework\boot\spring-boot-starter\3.3.0\spring-boot-starter-3.3.0.jar;C:\Users\seerangamani\.m2\repository\org\springframework\boot\spring-boot\3.3.0\spring-boot-3.3.0.jar;C:\Users\seerangamani\.m2\repository\org\springframework\boot\spring-boot-autoconfigure\3.3.0\spring-boot-autoconfigure-3.3.0.jar;C:\Users\seerangamani\.m2\repository\org\springframework\boot\spring-boot-starter-logging\3.3.0\spring-boot-starter-logging-3.3.0.jar;C:\Users\seerangamani\.m2\repository\ch\qos\logback\logback-classic\1.5.6\logback-classic-1.5.6.jar;C:\Users\seerangamani\.m2\repository\ch\qos\logback\logback-core\1.5.6\logback-core-1.5.6.jar;C:\Users\seerangamani\.m2\repository\org\apache\logging\log4j\log4j-to-slf4j\2.23.1\log4j-to-slf4j-2.23.1.jar;C:\Users\seerangamani\.m2\repository\org\apache\logging\log4j\log4j-api\2.23.1\log4j-api-2.23.1.jar;C:\Users\seerangamani\.m2\repository\org\slf4j\jul-to-slf4j\2.0.13\jul-to-slf4j-2.0.13.jar;C:\Users\seerangamani\.m2\repository\org\yaml\snakeyaml\2.2\snakeyaml-2.2.jar;C:\Users\seerangamani\.m2\repository\org\springframework\boot\spring-boot-starter-json\3.3.0\spring-boot-starter-json-3.3.0.jar;C:\Users\seerangamani\.m2\repository\com\fasterxml\jackson\core\jackson-databind\2.17.1\jackson-databind-2.17.1.jar;C:\Users\seerangamani\.m2\repository\com\fasterxml\jackson\core\jackson-annotations\2.17.1\jackson-annotations-2.17.1.jar;C:\Users\seerangamani\.m2\repository\com\fasterxml\jackson\core\jackson-core\2.17.1\jackson-core-2.17.1.jar;C:\Users\seerangamani\.m2\repository\com\fasterxml\jackson\datatype\jackson-datatype-jdk8\2.17.1\jackson-datatype-jdk8-2.17.1.jar;C:\Users\seerangamani\.m2\repository\com\fasterxml\jackson\datatype\jackson-datatype-jsr310\2.17.1\jackson-datatype-jsr310-2.17.1.jar;C:\Users\seerangamani\.m2\repository\com\fasterxml\jackson\module\jackson-module-parameter-names\2.17.1\jackson-module-parameter-names-2.17.1.jar;C:\Users\seerangamani\.m2\repository\org\springframework\boot\spring-boot-starter-tomcat\3.3.0\spring-boot-starter-tomcat-3.3.0.jar;C:\Users\seerangamani\.m2\repository\org\apache\tomcat\embed\tomcat-embed-core\10.1.24\tomcat-embed-core-10.1.24.jar;C:\Users\seerangamani\.m2\repository\org\apache\tomcat\embed\tomcat-embed-el\10.1.24\tomcat-embed-el-10.1.24.jar;C:\Users\seerangamani\.m2\repository\org\apache\tomcat\embed\tomcat-embed-websocket\10.1.24\tomcat-embed-websocket-10.1.24.jar;C:\Users\seerangamani\.m2\repository\org\springframework\spring-web\6.1.8\spring-web-6.1.8.jar;C:\Users\seerangamani\.m2\repository\io\micrometer\micrometer-observation\1.13.0\micrometer-observation-1.13.0.jar;C:\Users\seerangamani\.m2\repository\io\micrometer\micrometer-commons\1.13.0\micrometer-commons-1.13.0.jar;C:\Users\seerangamani\.m2\repository\org\springframework\spring-webmvc\6.1.8\spring-webmvc-6.1.8.jar;C:\Users\seerangamani\.m2\repository\org\springframework\spring-expression\6.1.8\spring-expression-6.1.8.jar;C:\Users\seerangamani\.m2\repository\org\springframework\boot\spring-boot-starter-security\3.3.0\spring-boot-starter-security-3.3.0.jar;C:\Users\seerangamani\.m2\repository\org\springframework\spring-aop\6.1.8\spring-aop-6.1.8.jar;C:\Users\seerangamani\.m2\repository\org\springframework\security\spring-security-config\6.3.0\spring-security-config-6.3.0.jar;C:\Users\seerangamani\.m2\repository\org\springframework\security\spring-security-core\6.3.0\spring-security-core-6.3.0.jar;C:\Users\seerangamani\.m2\repository\org\springframework\security\spring-security-crypto\6.3.0\spring-security-crypto-6.3.0.jar;C:\Users\seerangamani\.m2\repository\org\springframework\security\spring-security-web\6.3.0\spring-security-web-6.3.0.jar;C:\Users\seerangamani\.m2\repository\com\mysql\mysql-connector-j\8.3.0\mysql-connector-j-8.3.0.jar;C:\Users\seerangamani\.m2\repository\jakarta\xml\bind\jakarta.xml.bind-api\4.0.2\jakarta.xml.bind-api-4.0.2.jar;C:\Users\seerangamani\.m2\repository\jakarta\activation\jakarta.activation-api\2.1.3\jakarta.activation-api-2.1.3.jar;C:\Users\seerangamani\.m2\repository\org\springframework\spring-core\6.1.8\spring-core-6.1.8.jar;C:\Users\seerangamani\.m2\repository\org\springframework\spring-jcl\6.1.8\spring-jcl-6.1.8.jar
Launcher Type: SUN_STANDARD

[Global flags]
     intx CICompilerCount                          = 4                                         {product} {ergonomic}
     uint ConcGCThreads                            = 2                                         {product} {ergonomic}
     uint G1ConcRefinementThreads                  = 8                                         {product} {ergonomic}
   size_t G1HeapRegionSize                         = 2097152                                   {product} {ergonomic}
   size_t InitialHeapSize                          = 266338304                                 {product} {ergonomic}
   size_t MarkStackSize                            = 4194304                                   {product} {ergonomic}
   size_t MarkStackSizeMax                         = 536870912                                 {product} {ergonomic}
   size_t MaxHeapSize                              = 4253024256                                {product} {ergonomic}
   size_t MaxNewSize                               = 2550136832                                {product} {ergonomic}
   size_t MinHeapDeltaBytes                        = 2097152                                   {product} {ergonomic}
   size_t MinHeapSize                              = 8388608                                   {product} {ergonomic}
    uintx NonNMethodCodeHeapSize                   = 5832704                                {pd product} {ergonomic}
    uintx NonProfiledCodeHeapSize                  = 122945536                              {pd product} {ergonomic}
    uintx ProfiledCodeHeapSize                     = 122880000                              {pd product} {ergonomic}
    uintx ReservedCodeCacheSize                    = 251658240                              {pd product} {ergonomic}
     bool SegmentedCodeCache                       = true                                      {product} {ergonomic}
   size_t SoftMaxHeapSize                          = 4253024256                             {manageable} {ergonomic}
     bool UseCompressedOops                        = true                           {product lp64_product} {ergonomic}
     bool UseG1GC                                  = true                                      {product} {ergonomic}
     bool UseLargePagesIndividualAllocation        = false                                  {pd product} {ergonomic}

Logging:
Log output configuration:
 #0: stdout all=warning uptime,level,tags foldmultilines=false
 #1: stderr all=off uptime,level,tags foldmultilines=false

Environment Variables:
JAVA_HOME=C:\Program Files\Java\jdk-23
PATH=C:\Program Files\Common Files\Oracle\Java\javapath;C:\Windows\system32;C:\Windows;C:\Windows\System32\Wbem;C:\Windows\System32\WindowsPowerShell\v1.0\;C:\Windows\System32\OpenSSH\;C:\Program Files (x86)\NVIDIA Corporation\PhysX\Common;C:\Program Files\NVIDIA Corporation\NVIDIA NvDLISR;C:\WINDOWS\system32;C:\WINDOWS;C:\WINDOWS\System32\Wbem;C:\WINDOWS\System32\WindowsPowerShell\v1.0\;C:\WINDOWS\System32\OpenSSH\;C:\Program Files\Java\jdk-22\bin;C:\Program Files\Maven\apache-maven-3.9.9-bin\bin;E:\Downloads\php-8.4.3-nts-Win32-vs17-x64;C:\ProgramData\ComposerSetup\bin;C:\Users\seerangamani\AppData\Local\nvm;C:\nvm4w\nodejs;C:\Program Files\PuTTY\;C:\Program Files\Apache Software Foundation\apache-maven-3.9.9\bin;C:\Program Files\Java\jdk-23\bin;C:\Program Files\CMake\bin;C:\Program Files\CMake\bin;C:\Program Files\MySQL\MySQL Shell 8.0\bin\;C:\Users\seerangamani\AppData\Local\Programs\Python\Python312\Scripts\;C:\Users\seerangamani\AppData\Local\Programs\Python\Python312\;C:\Users\seerangamani\AppData\Local\Microsoft\WindowsApps;C:\Users\seerangamani\AppData\Local\Programs\Microsoft VS Code\bin;C:\Program Files\Java\jdk1.8.0_202\bin;C:\Program Files\Java\jre1.8.0_202\bin;C:\Users\seerangamani\Desktop\SpaceFX;C:\php;C:\Users\seerangamani\AppData\Roaming\Composer;E:\Downloads\php-8.3.16-Win32-vs16-x64;C:\ProgramData\ComposerSetup\bin;C:\Users\seerangamani\AppData\Roaming\npm;C:\Users\seerangamani\AppData\Local\nvm;C:\nvm4w\nodejs;C:\xampp\mysql\bin;C:\xampp\php;
USERNAME=seerangamani
OS=Windows_NT
PROCESSOR_IDENTIFIER=Intel64 Family 6 Model 165 Stepping 2, GenuineIntel
TMP=C:\Users\SEERAN~1\AppData\Local\Temp
TEMP=C:\Users\SEERAN~1\AppData\Local\Temp




Periodic native trim disabled

---------------  S Y S T E M  ---------------

OS:
 Windows 11 , 64 bit Build 22621 (10.0.22621.5413)
OS uptime: 0 days 22:04 hours

CPU: total 8 (initial active 8) (4 cores per cpu, 2 threads per core) family 6 model 165 stepping 2 microcode 0xe0, cx8, cmov, fxsr, ht, mmx, 3dnowpref, sse, sse2, sse3, ssse3, sse4.1, sse4.2, popcnt, lzcnt, tsc, tscinvbit, avx, avx2, aes, erms, clmul, bmi1, bmi2, adx, fma, vzeroupper, clflush, clflushopt, rdtscp, f16c, pku
Processor Information for the first 8 processors :
  Max Mhz: 2496, Current Mhz: 2496, Mhz Limit: 2496

Memory: 4k page, system-wide physical 16221M (3795M free)
TotalPageFile size 18151M (AvailPageFile size 12M)
current process WorkingSet (physical memory assigned to process): 89M, peak: 89M
current process commit charge ("private bytes"): 358M, peak: 358M

vm_info: OpenJDK 64-Bit Server VM (23.0.2+7-58) for windows-amd64 JRE (23.0.2+7-58), built on 2024-11-29T09:34:55Z with MS VC++ 17.6 (VS2022)

END.
